Performing C SOURCE FILE Test CMAKE_HAVE_LIBC_PTHREAD failed with the following output:
Change Dir: /root/CPP/sylar/workspace/serverFramework/build/CMakeFiles/CMakeTmp

Run Build Command(s):/usr/bin/gmake -f Makefile cmTC_b86fd/fast && /usr/bin/gmake  -f CMakeFiles/cmTC_b86fd.dir/build.make CMakeFiles/cmTC_b86fd.dir/build
gmake[1]: Entering directory '/root/CPP/sylar/workspace/serverFramework/build/CMakeFiles/CMakeTmp'
Building C object CMakeFiles/cmTC_b86fd.dir/src.c.o
/usr/bin/gcc -DCMAKE_HAVE_LIBC_PTHREAD   -o CMakeFiles/cmTC_b86fd.dir/src.c.o -c /root/CPP/sylar/workspace/serverFramework/build/CMakeFiles/CMakeTmp/src.c
Linking C executable cmTC_b86fd
/usr/bin/cmake -E cmake_link_script CMakeFiles/cmTC_b86fd.dir/link.txt --verbose=1
/usr/bin/gcc -rdynamic CMakeFiles/cmTC_b86fd.dir/src.c.o -o cmTC_b86fd 
CMakeFiles/cmTC_b86fd.dir/src.c.o: In function `main':
src.c:(.text+0x2d): undefined reference to `pthread_create'
src.c:(.text+0x39): undefined reference to `pthread_detach'
src.c:(.text+0x45): undefined reference to `pthread_cancel'
src.c:(.text+0x56): undefined reference to `pthread_join'
collect2: error: ld returned 1 exit status
gmake[1]: *** [CMakeFiles/cmTC_b86fd.dir/build.make:99: cmTC_b86fd] Error 1
gmake[1]: Leaving directory '/root/CPP/sylar/workspace/serverFramework/build/CMakeFiles/CMakeTmp'
gmake: *** [Makefile:127: cmTC_b86fd/fast] Error 2


Source file was:
#include <pthread.h>

static void* test_func(void* data)
{
  return data;
}

int main(void)
{
  pthread_t thread;
  pthread_create(&thread, NULL, test_func, NULL);
  pthread_detach(thread);
  pthread_cancel(thread);
  pthread_join(thread, NULL);
  pthread_atfork(NULL, NULL, NULL);
  pthread_exit(NULL);

  return 0;
}

Determining if the function pthread_create exists in the pthreads failed with the following output:
Change Dir: /root/CPP/sylar/workspace/serverFramework/build/CMakeFiles/CMakeTmp

Run Build Command(s):/usr/bin/gmake -f Makefile cmTC_59d71/fast && /usr/bin/gmake  -f CMakeFiles/cmTC_59d71.dir/build.make CMakeFiles/cmTC_59d71.dir/build
gmake[1]: Entering directory '/root/CPP/sylar/workspace/serverFramework/build/CMakeFiles/CMakeTmp'
Building C object CMakeFiles/cmTC_59d71.dir/CheckFunctionExists.c.o
/usr/bin/gcc   -DCHECK_FUNCTION_EXISTS=pthread_create -o CMakeFiles/cmTC_59d71.dir/CheckFunctionExists.c.o -c /usr/share/cmake/Modules/CheckFunctionExists.c
Linking C executable cmTC_59d71
/usr/bin/cmake -E cmake_link_script CMakeFiles/cmTC_59d71.dir/link.txt --verbose=1
/usr/bin/gcc  -DCHECK_FUNCTION_EXISTS=pthread_create -rdynamic CMakeFiles/cmTC_59d71.dir/CheckFunctionExists.c.o -o cmTC_59d71  -lpthreads 
/usr/bin/ld: cannot find -lpthreads
collect2: error: ld returned 1 exit status
gmake[1]: *** [CMakeFiles/cmTC_59d71.dir/build.make:99: cmTC_59d71] Error 1
gmake[1]: Leaving directory '/root/CPP/sylar/workspace/serverFramework/build/CMakeFiles/CMakeTmp'
gmake: *** [Makefile:127: cmTC_59d71/fast] Error 2



