[2022-10-01 20:59:16]--[/root/projects/CoroutineDFS/sylar/module/resource_servlet.cc:91]--username = €¸fìÿ, pwd = `¸fìÿ
[2022-10-01 21:00:27]--[/root/projects/CoroutineDFS/sylar/module/resource_servlet.cc:91]--username = €¸fìÿ, pwd = Pr
[2022-10-01 21:01:39]--[/root/projects/CoroutineDFS/sylar/module/resource_servlet.cc:91]--username = €¸fìÿ, pwd =  r
[2022-10-01 21:03:15]--[/root/projects/CoroutineDFS/sylar/module/resource_servlet.cc:91]--username = €¸fìÿ, pwd =  r
[2022-10-01 21:05:09]--[/root/projects/CoroutineDFS/sylar/module/resource_servlet.cc:91]--username = €¸fìÿ, pwd =  r
[2022-10-01 21:11:38]--[/root/projects/CoroutineDFS/sylar/module/resource_servlet.cc:91]--username = €¸fìÿ, pwd =  r
[2022-10-01 21:25:53]--[/root/projects/CoroutineDFS/sylar/module/resource_servlet.cc:91]--username = €¸fìÿ, pwd =  r
[2022-10-01 21:28:55]--[/root/projects/CoroutineDFS/sylar/module/resource_servlet.cc:91]--username = €¸fìÿ, pwd =  r
[2022-10-01 21:34:18]--[/root/projects/CoroutineDFS/sylar/module/resource_servlet.cc:91]--username = €¸fìÿ, pwd =  r
[2022-10-01 21:37:43]--[/root/projects/CoroutineDFS/sylar/module/resource_servlet.cc:91]--username = €¸fìÿ, pwd =  r
[2022-10-01 21:38:08]--[/root/projects/CoroutineDFS/sylar/module/resource_servlet.cc:158]--mysql_user = root, mysql_pwd = XIAObing321., mysql_db = 0voice_tuchuang
[2022-10-01 21:38:32]--[/root/projects/CoroutineDFS/sylar/module/resource_servlet.cc:201]--redis:[ip=127.0.0.1,port=6379]
[2022-10-01 21:38:32]--[/root/projects/CoroutineDFS/sylar/module/resource_servlet.cc:206]--redis connected error
[2022-10-01 21:38:32]--[/root/projects/CoroutineDFS/sylar/module/resource_servlet.cc:223]--tmp = 123456895278257603
[2022-10-01 21:38:32]--[/root/projects/CoroutineDFS/sylar/module/resource_servlet.cc:238]--base64 = AAAAAEIhwoW+CZW3kkWxv3HTgAn2RNFZ
[2022-10-01 21:39:31]--[/root/projects/CoroutineDFS/sylar/module/resource_servlet.cc:91]--username = €¸fìÿ, pwd =  r
[2022-10-01 21:39:33]--[/root/projects/CoroutineDFS/sylar/module/resource_servlet.cc:158]--mysql_user = root, mysql_pwd = XIAObing321., mysql_db = 0voice_tuchuang
[2022-10-01 21:39:36]--[/root/projects/CoroutineDFS/sylar/module/resource_servlet.cc:201]--redis:[ip=127.0.0.1,port=6379]
[2022-10-01 21:39:36]--[/root/projects/CoroutineDFS/sylar/module/resource_servlet.cc:206]--redis connected error
[2022-10-01 21:39:36]--[/root/projects/CoroutineDFS/sylar/module/resource_servlet.cc:223]--tmp = 123456483937863248
[2022-10-01 21:39:36]--[/root/projects/CoroutineDFS/sylar/module/resource_servlet.cc:238]--base64 = AAAAAAq1kusYV7uWrDEftCKacbx5ZAUn
[2022-10-01 21:41:05]--[/root/projects/CoroutineDFS/sylar/module/resource_servlet.cc:91]--username = €¸fìÿ, pwd =  r
[2022-10-01 21:41:11]--[/root/projects/CoroutineDFS/sylar/module/resource_servlet.cc:158]--mysql_user = root, mysql_pwd = XIAObing321., mysql_db = 0voice_tuchuang
[2022-10-01 21:41:25]--[/root/projects/CoroutineDFS/sylar/module/resource_servlet.cc:201]--redis:[ip=127.0.0.1,port=6379]
[2022-10-01 21:42:47]--[/root/projects/CoroutineDFS/sylar/module/resource_servlet.cc:91]--username = €¸fìÿ, pwd =  r
[2022-10-01 21:42:50]--[/root/projects/CoroutineDFS/sylar/module/resource_servlet.cc:158]--mysql_user = root, mysql_pwd = XIAObing321., mysql_db = 0voice_tuchuang
[2022-10-01 21:42:51]--[/root/projects/CoroutineDFS/sylar/module/resource_servlet.cc:201]--redis:[ip=127.0.0.1,port=6379]
[2022-10-01 21:42:51]--[/root/projects/CoroutineDFS/sylar/module/resource_servlet.cc:223]--tmp = 123456460829992394
[2022-10-01 21:42:51]--[/root/projects/CoroutineDFS/sylar/module/resource_servlet.cc:238]--base64 = AAAAAB8xAF4ufrpMEZyq9ADPkLwGkadR
[2022-10-01 21:42:51]--[/root/projects/CoroutineDFS/sylar/module/resource_servlet.cc:100]--token = 9e5498debc583acbcf12e6ba5c9ca64f
