[2022-10-03 10:44:49]--[/root/projects/CoroutineDFS/sylar/module/md5_servlet.cc:44]--buf = {"token":"44319a6576e53ffebb05e11642a986c6","md5":"a234484e52936856f6cfd9ccb1dd396d","filename":"2022.8.12实习&校招网申列表.xlsx","user":"888888"}
[2022-10-03 10:45:02]--[/root/projects/CoroutineDFS/sylar/module/md5_servlet.cc:66]--user = 888888, token = 44319a6576e53ffebb05e11642a986c6, md5 = a234484e52936856f6cfd9ccb1dd396d, filename = 2022.8.12实习&校招网申列表.xlsx
[2022-10-03 10:45:39]--[/root/projects/CoroutineDFS/sylar/module/md5_servlet.cc:209]--888888[filename:2022.8.12实习&校招网申列表.xlsx, md5:a234484e52936856f6cfd9ccb1dd396d]已存在
[2022-10-03 11:55:05]--[/root/projects/CoroutineDFS/sylar/module/md5_servlet.cc:35]--buf = {"token":"44319a6576e53ffebb05e11642a986c6","md5":"a234484e52936856f6cfd9ccb1dd396d","filename":"2022.8.12实习&校招网申列表.xlsx","user":"888888"}
[2022-10-03 11:55:05]--[/root/projects/CoroutineDFS/sylar/module/md5_servlet.cc:57]--user = 888888, token = 44319a6576e53ffebb05e11642a986c6, md5 = a234484e52936856f6cfd9ccb1dd396d, filename = 2022.8.12实习&校招网申列表.xlsx
[2022-10-03 11:55:14]--[/root/projects/CoroutineDFS/sylar/module/md5_servlet.cc:231]--888888[filename:2022.8.12实习&校招网申列表.xlsx, md5:a234484e52936856f6cfd9ccb1dd396d]已存在
[2022-10-03 11:55:31]--[/root/projects/CoroutineDFS/sylar/module/md5_servlet.cc:35]--buf = {"token":"44319a6576e53ffebb05e11642a986c6","md5":"a234484e52936856f6cfd9ccb1dd396d","filename":"2022.8.12实习&校招网申列表.xlsx","user":"888888"}
[2022-10-03 11:55:31]--[/root/projects/CoroutineDFS/sylar/module/md5_servlet.cc:57]--user = 888888, token = 44319a6576e53ffebb05e11642a986c6, md5 = a234484e52936856f6cfd9ccb1dd396d, filename = 2022.8.12实习&校招网申列表.xlsx
[2022-10-03 11:55:31]--[/root/projects/CoroutineDFS/sylar/module/md5_servlet.cc:231]--888888[filename:2022.8.12实习&校招网申列表.xlsx, md5:a234484e52936856f6cfd9ccb1dd396d]已存在
[2022-10-03 11:56:07]--[/root/projects/CoroutineDFS/sylar/module/md5_servlet.cc:35]--buf = {"token":"44319a6576e53ffebb05e11642a986c6","md5":"f813644e7c5ccc139af36a4b2b4c39cb","filename":"github_token.txt","user":"888888"}
[2022-10-03 11:56:07]--[/root/projects/CoroutineDFS/sylar/module/md5_servlet.cc:57]--user = 888888, token = 44319a6576e53ffebb05e11642a986c6, md5 = f813644e7c5ccc139af36a4b2b4c39cb, filename = github_token.txt
[2022-10-03 11:56:25]--[/root/projects/CoroutineDFS/sylar/module/md5_servlet.cc:35]--buf = {"token":"44319a6576e53ffebb05e11642a986c6","md5":"f813644e7c5ccc139af36a4b2b4c39cb","filename":"github_token.txt","user":"888888"}
[2022-10-03 11:56:25]--[/root/projects/CoroutineDFS/sylar/module/md5_servlet.cc:57]--user = 888888, token = 44319a6576e53ffebb05e11642a986c6, md5 = f813644e7c5ccc139af36a4b2b4c39cb, filename = github_token.txt
[2022-10-03 12:02:09]--[/root/projects/CoroutineDFS/sylar/module/md5_servlet.cc:35]--buf = {"token":"44319a6576e53ffebb05e11642a986c6","md5":"a234484e52936856f6cfd9ccb1dd396d","filename":"2022.8.12实习&校招网申列表.xlsx","user":"888888"}
[2022-10-03 12:02:09]--[/root/projects/CoroutineDFS/sylar/module/md5_servlet.cc:57]--user = 888888, token = 44319a6576e53ffebb05e11642a986c6, md5 = a234484e52936856f6cfd9ccb1dd396d, filename = 2022.8.12实习&校招网申列表.xlsx
[2022-10-03 12:02:11]--[/root/projects/CoroutineDFS/sylar/module/md5_servlet.cc:233]--888888[filename:2022.8.12实习&校招网申列表.xlsx, md5:a234484e52936856f6cfd9ccb1dd396d]已存在
[2022-10-03 12:04:29]--[/root/projects/CoroutineDFS/sylar/module/md5_servlet.cc:35]--buf = {"token":"44319a6576e53ffebb05e11642a986c6","md5":"a234484e52936856f6cfd9ccb1dd396d","filename":"2022.8.12实习&校招网申列表.xlsx","user":"888888"}
[2022-10-03 12:04:29]--[/root/projects/CoroutineDFS/sylar/module/md5_servlet.cc:57]--user = 888888, token = 44319a6576e53ffebb05e11642a986c6, md5 = a234484e52936856f6cfd9ccb1dd396d, filename = 2022.8.12实习&校招网申列表.xlsx
[2022-10-03 12:04:31]--[/root/projects/CoroutineDFS/sylar/module/md5_servlet.cc:234]--888888[filename:2022.8.12实习&校招网申列表.xlsx, md5:a234484e52936856f6cfd9ccb1dd396d]已存在
[2022-10-03 12:05:09]--[/root/projects/CoroutineDFS/sylar/module/md5_servlet.cc:35]--buf = {"token":"44319a6576e53ffebb05e11642a986c6","md5":"f813644e7c5ccc139af36a4b2b4c39cb","filename":"github_token.txt","user":"888888"}
[2022-10-03 12:05:17]--[/root/projects/CoroutineDFS/sylar/module/md5_servlet.cc:57]--user = 888888, token = 44319a6576e53ffebb05e11642a986c6, md5 = f813644e7c5ccc139af36a4b2b4c39cb, filename = github_token.txt
[2022-10-03 12:06:58]--[/root/projects/CoroutineDFS/sylar/module/md5_servlet.cc:35]--buf = {"token":"44319a6576e53ffebb05e11642a986c6","md5":"600b07acd1a10ae95cb3aa8e327b8898","filename":"成绩录入系统.xmind","user":"888888"}
[2022-10-03 12:06:58]--[/root/projects/CoroutineDFS/sylar/module/md5_servlet.cc:57]--user = 888888, token = 44319a6576e53ffebb05e11642a986c6, md5 = 600b07acd1a10ae95cb3aa8e327b8898, filename = 成绩录入系统.xmind
[2022-10-03 12:07:31]--[/root/projects/CoroutineDFS/sylar/module/md5_servlet.cc:35]--buf = {"token":"44319a6576e53ffebb05e11642a986c6","md5":"a103846db0ba58a6ce5a5316bc623e07","filename":"2022.7.2实习&校招提前批网申列表.xlsx","user":"888888"}
[2022-10-03 12:07:31]--[/root/projects/CoroutineDFS/sylar/module/md5_servlet.cc:57]--user = 888888, token = 44319a6576e53ffebb05e11642a986c6, md5 = a103846db0ba58a6ce5a5316bc623e07, filename = 2022.7.2实习&校招提前批网申列表.xlsx
[2022-10-03 12:09:12]--[/root/projects/CoroutineDFS/sylar/module/md5_servlet.cc:35]--buf = {"token":"44319a6576e53ffebb05e11642a986c6","md5":"95e5aa221de7807694a612b45df49b90","filename":"2022.7.11实习&校招提前批网申列表.xlsx","user":"888888"}
[2022-10-03 12:09:12]--[/root/projects/CoroutineDFS/sylar/module/md5_servlet.cc:57]--user = 888888, token = 44319a6576e53ffebb05e11642a986c6, md5 = 95e5aa221de7807694a612b45df49b90, filename = 2022.7.11实习&校招提前批网申列表.xlsx
[2022-10-03 12:13:07]--[/root/projects/CoroutineDFS/sylar/module/md5_servlet.cc:35]--buf = {"token":"44319a6576e53ffebb05e11642a986c6","md5":"c26cbf56176609a48e4a9206c59520e2","filename":"zvoice.conf.txt","user":"888888"}
[2022-10-03 12:13:07]--[/root/projects/CoroutineDFS/sylar/module/md5_servlet.cc:57]--user = 888888, token = 44319a6576e53ffebb05e11642a986c6, md5 = c26cbf56176609a48e4a9206c59520e2, filename = zvoice.conf.txt
[2022-10-03 12:13:09]--[/root/projects/CoroutineDFS/sylar/module/md5_servlet.cc:234]--888888[filename:zvoice.conf.txt, md5:c26cbf56176609a48e4a9206c59520e2]已存在
[2022-10-03 12:13:25]--[/root/projects/CoroutineDFS/sylar/module/md5_servlet.cc:35]--buf = {"token":"44319a6576e53ffebb05e11642a986c6","md5":"47bd874133f4071c61ecc5e9a9b8d5fe","filename":"2022.8.02实习&校招网申列表.xlsx","user":"888888"}
[2022-10-03 12:13:25]--[/root/projects/CoroutineDFS/sylar/module/md5_servlet.cc:57]--user = 888888, token = 44319a6576e53ffebb05e11642a986c6, md5 = 47bd874133f4071c61ecc5e9a9b8d5fe, filename = 2022.8.02实习&校招网申列表.xlsx
[2022-10-03 12:13:32]--[/root/projects/CoroutineDFS/sylar/module/md5_servlet.cc:35]--buf = {"token":"44319a6576e53ffebb05e11642a986c6","md5":"913bf7dfd276d4ba844993a0b3f2fa56","filename":"教育部学籍在线验证报告_夏领兵.pdf","user":"888888"}
[2022-10-03 12:13:32]--[/root/projects/CoroutineDFS/sylar/module/md5_servlet.cc:57]--user = 888888, token = 44319a6576e53ffebb05e11642a986c6, md5 = 913bf7dfd276d4ba844993a0b3f2fa56, filename = 教育部学籍在线验证报告_夏领兵.pdf
