[2022-10-04 10:05:32]--[/root/projects/CoroutineDFS/sylar/common/redis_op.cc:1224]--=====b432964f78e5224778d5d22c3d8189db6.jpg
[2022-10-04 10:05:32]--[/root/projects/CoroutineDFS/sylar/common/redis_op.cc:1224]--=====d7c591e0c376f461dda8f9c0b2603730CC++.md
[2022-10-04 10:05:32]--[/root/projects/CoroutineDFS/sylar/common/redis_op.cc:1224]--=====8957464c86440830938236bec9d820dd1.jpg
[2022-10-04 10:05:32]--[/root/projects/CoroutineDFS/sylar/common/redis_op.cc:1224]--=====47bd874133f4071c61ecc5e9a9b8d5fe2022.8.02实习&校招网申列表.xlsx
[2022-10-04 18:49:11]--[/root/projects/CoroutineDFS/sylar/common/redis_op.cc:1224]--=====b432964f78e5224778d5d22c3d8189db6.jpg
[2022-10-04 18:49:11]--[/root/projects/CoroutineDFS/sylar/common/redis_op.cc:1224]--=====d7c591e0c376f461dda8f9c0b2603730CC++.md
[2022-10-04 18:49:11]--[/root/projects/CoroutineDFS/sylar/common/redis_op.cc:1224]--=====8957464c86440830938236bec9d820dd1.jpg
[2022-10-04 18:49:11]--[/root/projects/CoroutineDFS/sylar/common/redis_op.cc:1224]--=====47bd874133f4071c61ecc5e9a9b8d5fe2022.8.02实习&校招网申列表.xlsx
[2022-10-04 20:15:31]--[/root/projects/CoroutineDFS/sylar/common/redis_op.cc:1224]--=====b432964f78e5224778d5d22c3d8189db6.jpg
[2022-10-04 20:15:31]--[/root/projects/CoroutineDFS/sylar/common/redis_op.cc:1224]--=====d7c591e0c376f461dda8f9c0b2603730CC++.md
[2022-10-04 20:15:31]--[/root/projects/CoroutineDFS/sylar/common/redis_op.cc:1224]--=====c26cbf56176609a48e4a9206c59520e2zvoice.conf.txt
[2022-10-04 20:15:31]--[/root/projects/CoroutineDFS/sylar/common/redis_op.cc:1224]--=====90c3b066f461798afa7b127c6cc844da个人简历.docx
[2022-10-04 20:15:31]--[/root/projects/CoroutineDFS/sylar/common/redis_op.cc:1224]--=====8957464c86440830938236bec9d820dd1.jpg
[2022-10-04 20:15:31]--[/root/projects/CoroutineDFS/sylar/common/redis_op.cc:1224]--=====47bd874133f4071c61ecc5e9a9b8d5fe2022.8.02实习&校招网申列表.xlsx
[2022-10-04 20:15:34]--[/root/projects/CoroutineDFS/sylar/common/redis_op.cc:1224]--=====b432964f78e5224778d5d22c3d8189db6.jpg
[2022-10-04 20:15:34]--[/root/projects/CoroutineDFS/sylar/common/redis_op.cc:1224]--=====d7c591e0c376f461dda8f9c0b2603730CC++.md
[2022-10-04 20:15:34]--[/root/projects/CoroutineDFS/sylar/common/redis_op.cc:1224]--=====c26cbf56176609a48e4a9206c59520e2zvoice.conf.txt
[2022-10-04 20:15:34]--[/root/projects/CoroutineDFS/sylar/common/redis_op.cc:1224]--=====90c3b066f461798afa7b127c6cc844da个人简历.docx
[2022-10-04 20:15:34]--[/root/projects/CoroutineDFS/sylar/common/redis_op.cc:1224]--=====8957464c86440830938236bec9d820dd1.jpg
[2022-10-04 20:15:34]--[/root/projects/CoroutineDFS/sylar/common/redis_op.cc:1224]--=====47bd874133f4071c61ecc5e9a9b8d5fe2022.8.02实习&校招网申列表.xlsx
