[2022-10-03 09:23:24]--[/root/projects/CoroutineDFS/sylar/common/deal_mysql.cc:167]--row[0] = 5
[2022-10-03 09:23:24]--[/root/projects/CoroutineDFS/sylar/common/deal_mysql.cc:167]--row[0] = 5
[2022-10-03 09:24:30]--[/root/projects/CoroutineDFS/sylar/common/deal_mysql.cc:167]--row[0] = 5
[2022-10-03 09:24:31]--[/root/projects/CoroutineDFS/sylar/common/util_cgi.cc:234]--root = {{
}}
[2022-10-03 09:24:31]--[/root/projects/CoroutineDFS/sylar/common/util_cgi.cc:237]--out = {{
	"code":	0
}}
[2022-10-03 09:24:31]--[/root/projects/CoroutineDFS/sylar/common/deal_mysql.cc:167]--row[0] = 6
[2022-10-03 09:33:07]--[/root/projects/CoroutineDFS/sylar/common/deal_mysql.cc:167]--row[0] = 5
[2022-10-03 09:33:19]--[/root/projects/CoroutineDFS/sylar/common/deal_mysql.cc:167]--row[0] = 6
[2022-10-03 09:39:50]--[/root/projects/CoroutineDFS/sylar/common/deal_mysql.cc:167]--row[0] = 6
[2022-10-03 09:39:50]--[/root/projects/CoroutineDFS/sylar/common/util_cgi.cc:234]--root = {{
}}
[2022-10-03 09:39:50]--[/root/projects/CoroutineDFS/sylar/common/util_cgi.cc:237]--out = {{
	"code":	0
}}
[2022-10-03 09:41:12]--[/root/projects/CoroutineDFS/sylar/common/deal_mysql.cc:167]--row[0] = 7
[2022-10-03 09:41:42]--[/root/projects/CoroutineDFS/sylar/common/deal_mysql.cc:167]--row[0] = 7
[2022-10-03 09:41:49]--[/root/projects/CoroutineDFS/sylar/common/deal_mysql.cc:167]--row[0] = 7
[2022-10-03 09:46:08]--[/root/projects/CoroutineDFS/sylar/common/deal_mysql.cc:167]--row[0] = 7
[2022-10-03 09:46:08]--[/root/projects/CoroutineDFS/sylar/common/util_cgi.cc:234]--root = {{
}}
[2022-10-03 09:46:08]--[/root/projects/CoroutineDFS/sylar/common/util_cgi.cc:237]--out = {{
	"code":	0
}}
[2022-10-03 09:46:08]--[/root/projects/CoroutineDFS/sylar/common/deal_mysql.cc:167]--row[0] = 8
[2022-10-03 09:46:22]--[/root/projects/CoroutineDFS/sylar/common/deal_mysql.cc:167]--row[0] = 8
[2022-10-03 09:46:22]--[/root/projects/CoroutineDFS/sylar/common/util_cgi.cc:234]--root = {{
}}
[2022-10-03 09:46:22]--[/root/projects/CoroutineDFS/sylar/common/util_cgi.cc:237]--out = {{
	"code":	0
}}
[2022-10-03 09:46:22]--[/root/projects/CoroutineDFS/sylar/common/deal_mysql.cc:167]--row[0] = 9
[2022-10-03 09:46:36]--[/root/projects/CoroutineDFS/sylar/common/deal_mysql.cc:167]--row[0] = 9
[2022-10-03 10:45:25]--[/root/projects/CoroutineDFS/sylar/common/deal_mysql.cc:167]--row[0] = 3
[2022-10-03 11:55:14]--[/root/projects/CoroutineDFS/sylar/common/deal_mysql.cc:167]--row[0] = 3
[2022-10-03 11:55:14]--[/root/projects/CoroutineDFS/sylar/common/util_cgi.cc:234]--root = {{
}}
[2022-10-03 11:55:14]--[/root/projects/CoroutineDFS/sylar/common/util_cgi.cc:237]--out = {{
	"code":	5
}}
[2022-10-03 11:55:31]--[/root/projects/CoroutineDFS/sylar/common/deal_mysql.cc:167]--row[0] = 3
[2022-10-03 11:55:31]--[/root/projects/CoroutineDFS/sylar/common/util_cgi.cc:234]--root = {{
}}
[2022-10-03 11:55:31]--[/root/projects/CoroutineDFS/sylar/common/util_cgi.cc:237]--out = {{
	"code":	5
}}
[2022-10-03 11:56:07]--[/root/projects/CoroutineDFS/sylar/common/util_cgi.cc:234]--root = {{
}}
[2022-10-03 11:56:07]--[/root/projects/CoroutineDFS/sylar/common/util_cgi.cc:237]--out = {{
	"code":	1
}}
[2022-10-03 11:56:25]--[/root/projects/CoroutineDFS/sylar/common/util_cgi.cc:234]--root = {{
}}
[2022-10-03 11:56:25]--[/root/projects/CoroutineDFS/sylar/common/util_cgi.cc:237]--out = {{
	"code":	1
}}
[2022-10-03 12:02:11]--[/root/projects/CoroutineDFS/sylar/common/deal_mysql.cc:167]--row[0] = 3
[2022-10-03 12:02:11]--[/root/projects/CoroutineDFS/sylar/common/util_cgi.cc:234]--root = {{
}}
[2022-10-03 12:02:11]--[/root/projects/CoroutineDFS/sylar/common/util_cgi.cc:237]--out = {{
	"code":	5
}}
[2022-10-03 12:04:31]--[/root/projects/CoroutineDFS/sylar/common/deal_mysql.cc:167]--row[0] = 3
[2022-10-03 12:04:31]--[/root/projects/CoroutineDFS/sylar/common/util_cgi.cc:234]--root = {{
}}
[2022-10-03 12:04:31]--[/root/projects/CoroutineDFS/sylar/common/util_cgi.cc:237]--out = {{
	"code":	5
}}
[2022-10-03 12:06:17]--[/root/projects/CoroutineDFS/sylar/common/util_cgi.cc:234]--root = {{
}}
[2022-10-03 12:06:17]--[/root/projects/CoroutineDFS/sylar/common/util_cgi.cc:237]--out = {{
	"code":	1
}}
[2022-10-03 12:07:00]--[/root/projects/CoroutineDFS/sylar/common/util_cgi.cc:234]--root = {{
}}
[2022-10-03 12:07:00]--[/root/projects/CoroutineDFS/sylar/common/util_cgi.cc:237]--out = {{
	"code":	1
}}
[2022-10-03 12:07:31]--[/root/projects/CoroutineDFS/sylar/common/util_cgi.cc:234]--root = {{
}}
[2022-10-03 12:07:31]--[/root/projects/CoroutineDFS/sylar/common/util_cgi.cc:237]--out = {{
	"code":	1
}}
[2022-10-03 12:09:13]--[/root/projects/CoroutineDFS/sylar/common/util_cgi.cc:234]--root = {{
}}
[2022-10-03 12:09:13]--[/root/projects/CoroutineDFS/sylar/common/util_cgi.cc:237]--out = {{
	"code":	1
}}
[2022-10-03 12:13:09]--[/root/projects/CoroutineDFS/sylar/common/deal_mysql.cc:167]--row[0] = 2
[2022-10-03 12:13:09]--[/root/projects/CoroutineDFS/sylar/common/util_cgi.cc:234]--root = {{
}}
[2022-10-03 12:13:09]--[/root/projects/CoroutineDFS/sylar/common/util_cgi.cc:237]--out = {{
	"code":	5
}}
[2022-10-03 12:13:25]--[/root/projects/CoroutineDFS/sylar/common/deal_mysql.cc:167]--row[0] = 1
[2022-10-03 12:13:25]--[/root/projects/CoroutineDFS/sylar/common/deal_mysql.cc:167]--row[0] = 9
[2022-10-03 12:13:25]--[/root/projects/CoroutineDFS/sylar/common/util_cgi.cc:234]--root = {{
}}
[2022-10-03 12:13:25]--[/root/projects/CoroutineDFS/sylar/common/util_cgi.cc:237]--out = {{
	"code":	0
}}
[2022-10-03 12:13:26]--[/root/projects/CoroutineDFS/sylar/common/deal_mysql.cc:167]--row[0] = 10
[2022-10-03 12:13:33]--[/root/projects/CoroutineDFS/sylar/common/util_cgi.cc:234]--root = {{
}}
[2022-10-03 12:13:33]--[/root/projects/CoroutineDFS/sylar/common/util_cgi.cc:237]--out = {{
	"code":	1
}}
[2022-10-03 12:13:44]--[/root/projects/CoroutineDFS/sylar/common/deal_mysql.cc:167]--row[0] = 10
[2022-10-03 12:13:45]--[/root/projects/CoroutineDFS/sylar/common/util_cgi.cc:234]--root = {{
}}
[2022-10-03 12:13:45]--[/root/projects/CoroutineDFS/sylar/common/util_cgi.cc:237]--out = {{
	"code":	0
}}
[2022-10-03 12:13:47]--[/root/projects/CoroutineDFS/sylar/common/deal_mysql.cc:167]--row[0] = 11
[2022-10-03 12:13:58]--[/root/projects/CoroutineDFS/sylar/common/deal_mysql.cc:167]--row[0] = 11
[2022-10-03 14:49:10]--[/root/projects/CoroutineDFS/sylar/common/deal_mysql.cc:167]--row[0] = 11
[2022-10-03 14:49:29]--[/root/projects/CoroutineDFS/sylar/common/deal_mysql.cc:167]--row[0] = 11
[2022-10-03 14:51:34]--[/root/projects/CoroutineDFS/sylar/common/deal_mysql.cc:167]--row[0] = 11
[2022-10-03 14:58:19]--[/root/projects/CoroutineDFS/sylar/common/deal_mysql.cc:167]--row[0] = 5
[2022-10-03 14:58:19]--[/root/projects/CoroutineDFS/sylar/common/util_cgi.cc:234]--root = {{
}}
[2022-10-03 14:58:19]--[/root/projects/CoroutineDFS/sylar/common/util_cgi.cc:237]--out = {{
	"code":	0
}}
[2022-10-03 14:58:29]--[/root/projects/CoroutineDFS/sylar/common/deal_mysql.cc:167]--row[0] = 11
[2022-10-03 14:59:15]--[/root/projects/CoroutineDFS/sylar/common/deal_mysql.cc:167]--row[0] = 6
[2022-10-03 14:59:15]--[/root/projects/CoroutineDFS/sylar/common/deal_mysql.cc:167]--row[0] = 11
[2022-10-03 14:59:15]--[/root/projects/CoroutineDFS/sylar/common/deal_mysql.cc:167]--row[0] = 2
[2022-10-03 14:59:15]--[/root/projects/CoroutineDFS/sylar/common/util_cgi.cc:234]--root = {{
}}
[2022-10-03 14:59:15]--[/root/projects/CoroutineDFS/sylar/common/util_cgi.cc:237]--out = {{
	"code":	0
}}
[2022-10-03 14:59:15]--[/root/projects/CoroutineDFS/sylar/common/deal_mysql.cc:167]--row[0] = 10
[2022-10-03 15:01:56]--[/root/projects/CoroutineDFS/sylar/common/deal_mysql.cc:167]--row[0] = 10
[2022-10-03 15:01:57]--[/root/projects/CoroutineDFS/sylar/common/deal_mysql.cc:167]--row[0] = 0
[2022-10-03 15:01:57]--[/root/projects/CoroutineDFS/sylar/common/util_cgi.cc:234]--root = {{
}}
[2022-10-03 15:01:57]--[/root/projects/CoroutineDFS/sylar/common/util_cgi.cc:237]--out = {{
	"code":	0
}}
[2022-10-03 15:03:25]--[/root/projects/CoroutineDFS/sylar/common/deal_mysql.cc:167]--row[0] = 0
[2022-10-03 15:03:25]--[/root/projects/CoroutineDFS/sylar/common/deal_mysql.cc:167]--row[0] = 10
[2022-10-03 15:03:26]--[/root/projects/CoroutineDFS/sylar/common/deal_mysql.cc:167]--row[0] = 2
[2022-10-03 15:03:26]--[/root/projects/CoroutineDFS/sylar/common/util_cgi.cc:234]--root = {{
}}
[2022-10-03 15:03:26]--[/root/projects/CoroutineDFS/sylar/common/util_cgi.cc:237]--out = {{
	"code":	0
}}
[2022-10-03 15:03:32]--[/root/projects/CoroutineDFS/sylar/common/deal_mysql.cc:167]--row[0] = 9
[2022-10-03 15:04:13]--[/root/projects/CoroutineDFS/sylar/common/deal_mysql.cc:167]--row[0] = 9
[2022-10-03 15:04:13]--[/root/projects/CoroutineDFS/sylar/common/deal_mysql.cc:167]--row[0] = 9
[2022-10-03 15:04:54]--[/root/projects/CoroutineDFS/sylar/common/deal_mysql.cc:167]--row[0] = 9
[2022-10-03 15:04:55]--[/root/projects/CoroutineDFS/sylar/common/deal_mysql.cc:167]--row[0] = 1
[2022-10-03 15:04:55]--[/root/projects/CoroutineDFS/sylar/common/util_cgi.cc:234]--root = {{
}}
[2022-10-03 15:04:55]--[/root/projects/CoroutineDFS/sylar/common/util_cgi.cc:237]--out = {{
	"code":	0
}}
[2022-10-03 15:05:28]--[/root/projects/CoroutineDFS/sylar/common/deal_mysql.cc:167]--row[0] = 9
[2022-10-03 15:05:58]--[/root/projects/CoroutineDFS/sylar/common/deal_mysql.cc:167]--row[0] = 0
[2022-10-03 15:05:58]--[/root/projects/CoroutineDFS/sylar/common/deal_mysql.cc:167]--row[0] = 9
[2022-10-03 15:05:59]--[/root/projects/CoroutineDFS/sylar/common/deal_mysql.cc:167]--row[0] = 1
[2022-10-03 15:05:59]--[/root/projects/CoroutineDFS/sylar/common/util_cgi.cc:234]--root = {{
}}
[2022-10-03 15:05:59]--[/root/projects/CoroutineDFS/sylar/common/util_cgi.cc:237]--out = {{
	"code":	0
}}
[2022-10-03 15:06:03]--[/root/projects/CoroutineDFS/sylar/common/deal_mysql.cc:167]--row[0] = 8
[2022-10-03 15:06:28]--[/root/projects/CoroutineDFS/sylar/common/deal_mysql.cc:167]--row[0] = 1
[2022-10-03 15:06:28]--[/root/projects/CoroutineDFS/sylar/common/util_cgi.cc:234]--root = {{
}}
[2022-10-03 15:06:28]--[/root/projects/CoroutineDFS/sylar/common/util_cgi.cc:237]--out = {{
	"code":	0
}}
[2022-10-03 15:06:28]--[/root/projects/CoroutineDFS/sylar/common/deal_mysql.cc:167]--row[0] = 8
[2022-10-03 15:06:52]--[/root/projects/CoroutineDFS/sylar/common/deal_mysql.cc:167]--row[0] = 2
[2022-10-03 15:06:52]--[/root/projects/CoroutineDFS/sylar/common/util_cgi.cc:234]--root = {{
}}
[2022-10-03 15:06:52]--[/root/projects/CoroutineDFS/sylar/common/util_cgi.cc:237]--out = {{
	"code":	0
}}
[2022-10-03 15:06:56]--[/root/projects/CoroutineDFS/sylar/common/deal_mysql.cc:167]--row[0] = 8
[2022-10-03 15:53:12]--[/root/projects/CoroutineDFS/sylar/common/deal_mysql.cc:167]--row[0] = 5
[2022-10-03 15:53:12]--[/root/projects/CoroutineDFS/sylar/common/deal_mysql.cc:167]--row[0] = 5
[2022-10-03 15:54:20]--[/root/projects/CoroutineDFS/sylar/common/deal_mysql.cc:167]--row[0] = 5
[2022-10-03 16:04:52]--[/root/projects/CoroutineDFS/sylar/common/deal_mysql.cc:167]--row[0] = 5
[2022-10-03 16:05:43]--[/root/projects/CoroutineDFS/sylar/common/deal_mysql.cc:167]--row[0] = 5
[2022-10-03 16:07:01]--[/root/projects/CoroutineDFS/sylar/common/deal_mysql.cc:167]--row[0] = 5
[2022-10-03 16:07:01]--[/root/projects/CoroutineDFS/sylar/common/deal_mysql.cc:167]--row[0] = 5
[2022-10-03 16:07:21]--[/root/projects/CoroutineDFS/sylar/common/deal_mysql.cc:167]--row[0] = 5
[2022-10-03 16:07:21]--[/root/projects/CoroutineDFS/sylar/common/deal_mysql.cc:167]--row[0] = 5
[2022-10-03 16:07:59]--[/root/projects/CoroutineDFS/sylar/common/deal_mysql.cc:167]--row[0] = 5
[2022-10-03 16:08:18]--[/root/projects/CoroutineDFS/sylar/common/deal_mysql.cc:167]--row[0] = 5
[2022-10-03 16:12:28]--[/root/projects/CoroutineDFS/sylar/common/deal_mysql.cc:167]--row[0] = 5
[2022-10-03 16:14:06]--[/root/projects/CoroutineDFS/sylar/common/deal_mysql.cc:167]--row[0] = 5
[2022-10-03 16:14:13]--[/root/projects/CoroutineDFS/sylar/common/deal_mysql.cc:167]--row[0] = 5
[2022-10-03 16:15:36]--[/root/projects/CoroutineDFS/sylar/common/deal_mysql.cc:167]--row[0] = 5
[2022-10-03 16:15:36]--[/root/projects/CoroutineDFS/sylar/common/deal_mysql.cc:167]--row[0] = 5
[2022-10-03 16:15:48]--[/root/projects/CoroutineDFS/sylar/common/deal_mysql.cc:167]--row[0] = 5
[2022-10-03 16:15:49]--[/root/projects/CoroutineDFS/sylar/common/deal_mysql.cc:167]--row[0] = 5
[2022-10-03 21:39:35]--[/root/projects/CoroutineDFS/sylar/common/deal_mysql.cc:167]--row[0] = 21218cca77804d2ba1922c33e0151105
[2022-10-03 21:39:35]--[/root/projects/CoroutineDFS/sylar/common/deal_mysql.cc:167]--row[0] = 8
[2022-10-03 21:39:35]--[/root/projects/CoroutineDFS/sylar/common/deal_mysql.cc:167]--row[0] = 8
[2022-10-03 21:41:34]--[/root/projects/CoroutineDFS/sylar/common/deal_mysql.cc:167]--row[0] = 5
[2022-10-03 21:41:35]--[/root/projects/CoroutineDFS/sylar/common/deal_mysql.cc:167]--row[0] = 5
[2022-10-03 21:41:53]--[/root/projects/CoroutineDFS/sylar/common/deal_mysql.cc:167]--row[0] = 1
[2022-10-03 21:41:56]--[/root/projects/CoroutineDFS/sylar/common/util_cgi.cc:234]--root = {{
}}
[2022-10-03 21:41:56]--[/root/projects/CoroutineDFS/sylar/common/util_cgi.cc:237]--out = {{
	"code":	0
}}
[2022-10-03 21:42:00]--[/root/projects/CoroutineDFS/sylar/common/deal_mysql.cc:167]--row[0] = 5
[2022-10-03 21:42:05]--[/root/projects/CoroutineDFS/sylar/common/deal_mysql.cc:167]--row[0] = 5
[2022-10-03 21:42:33]--[/root/projects/CoroutineDFS/sylar/common/deal_mysql.cc:167]--row[0] = 3
[2022-10-03 21:42:37]--[/root/projects/CoroutineDFS/sylar/common/deal_mysql.cc:167]--row[0] = 8
[2022-10-03 21:42:37]--[/root/projects/CoroutineDFS/sylar/common/util_cgi.cc:234]--root = {{
}}
[2022-10-03 21:42:37]--[/root/projects/CoroutineDFS/sylar/common/util_cgi.cc:237]--out = {{
	"code":	0
}}
[2022-10-03 21:43:30]--[/root/projects/CoroutineDFS/sylar/common/deal_mysql.cc:167]--row[0] = 9
[2022-10-03 21:43:37]--[/root/projects/CoroutineDFS/sylar/common/deal_mysql.cc:167]--row[0] = 9
[2022-10-03 21:43:54]--[/root/projects/CoroutineDFS/sylar/common/deal_mysql.cc:167]--row[0] = 5
[2022-10-03 21:43:55]--[/root/projects/CoroutineDFS/sylar/common/util_cgi.cc:234]--root = {{
}}
[2022-10-03 21:43:55]--[/root/projects/CoroutineDFS/sylar/common/util_cgi.cc:237]--out = {{
	"code":	0
}}
[2022-10-03 21:44:01]--[/root/projects/CoroutineDFS/sylar/common/deal_mysql.cc:167]--row[0] = 9
[2022-10-03 21:47:50]--[/root/projects/CoroutineDFS/sylar/common/deal_mysql.cc:167]--row[0] = 4
[2022-10-03 21:47:50]--[/root/projects/CoroutineDFS/sylar/common/deal_mysql.cc:167]--row[0] = 4
