[2022-10-02 10:45:33]--[/root/projects/CoroutineDFS/sylar/common/util_cgi.cc:234]--root = {{
}}
[2022-10-02 10:45:33]--[/root/projects/CoroutineDFS/sylar/common/util_cgi.cc:237]--out = {{
	"code":	1
}}
[2022-10-02 11:09:47]--[/root/projects/CoroutineDFS/sylar/common/util_cgi.cc:234]--root = {{
}}
[2022-10-02 11:09:47]--[/root/projects/CoroutineDFS/sylar/common/util_cgi.cc:237]--out = {{
	"code":	1
}}
[2022-10-02 15:56:54]--[/root/projects/CoroutineDFS/sylar/module/reg_servlet.cc:156]--reg_buf = {"email":"","firstPwd":"f379eaf3c831b04de153469d1bec345e","nickName":"king","phone":"","userName":"666666"}
[2022-10-02 15:57:13]--[/root/projects/CoroutineDFS/sylar/common/util_cgi.cc:234]--root = {{
}}
[2022-10-02 15:57:15]--[/root/projects/CoroutineDFS/sylar/common/util_cgi.cc:237]--out = {{
	"code":	0
}}
[2022-10-02 15:59:39]--[/root/projects/CoroutineDFS/sylar/module/reg_servlet.cc:157]--reg_buf = {
    "email":"",
    "firstPwd":"f379eaf3c831b04de153469d1bec345e",
    "nickName":"king",
    "phone":"",
    "userName":"666666"
}
[2022-10-02 16:00:24]--[/root/projects/CoroutineDFS/sylar/module/reg_servlet.cc:157]--reg_buf = {
    "email":"",
    "firstPwd":"f379eaf3c831b04de153469d1bec345e",
    "nickName":"king",
    "phone":"",
    "userName":"666666"
}
[2022-10-02 16:01:57]--[/root/projects/CoroutineDFS/sylar/module/reg_servlet.cc:157]--reg_buf = {
    "email":"",
    "firstPwd":"f379eaf3c831b04de153469d1bec345e",
    "nickName":"king",
    "phone":"",
    "userName":"666666"
}
[2022-10-02 16:02:42]--[/root/projects/CoroutineDFS/sylar/module/reg_servlet.cc:157]--reg_buf = {
    "email":"",
    "firstPwd":"f379eaf3c831b04de153469d1bec345e",
    "nickName":"king",
    "phone":"",
    "userName":"666666"
}
[2022-10-02 16:03:44]--[/root/projects/CoroutineDFS/sylar/module/reg_servlet.cc:157]--reg_buf = {
    "email":"",
    "firstPwd":"f379eaf3c831b04de153469d1bec345e",
    "nickName":"king",
    "phone":"",
    "userName":"666666"
}
[2022-10-02 16:04:41]--[/root/projects/CoroutineDFS/sylar/module/reg_servlet.cc:157]--reg_buf = {
    "email":"",
    "firstPwd":"f379eaf3c831b04de153469d1bec345e",
    "nickName":"king",
    "phone":"",
    "userName":"666666"
}
[2022-10-02 16:06:42]--[/root/projects/CoroutineDFS/sylar/module/reg_servlet.cc:157]--reg_buf = {
    "email":"",
    "firstPwd":"f379eaf3c831b04de153469d1bec345e",
    "nickName":"king",
    "phone":"",
    "userName":"666666"
}
[2022-10-02 16:08:53]--[/root/projects/CoroutineDFS/sylar/module/reg_servlet.cc:157]--reg_buf = {
    "email":"",
    "firstPwd":"f379eaf3c831b04de153469d1bec345e",
    "nickName":"king",
    "phone":"",
    "userName":"666666"
}
[2022-10-02 16:09:09]--[/root/projects/CoroutineDFS/sylar/common/util_cgi.cc:234]--root = {{
}}
[2022-10-02 16:09:09]--[/root/projects/CoroutineDFS/sylar/common/util_cgi.cc:237]--out = {{
	"code":	2
}}
[2022-10-02 16:09:42]--[/root/projects/CoroutineDFS/sylar/module/reg_servlet.cc:157]--reg_buf = {"email":"","firstPwd":"21218cca77804d2ba1922c33e0151105","nickName":"kingKing","phone":"","userName":"888888"}
[2022-10-02 16:09:44]--[/root/projects/CoroutineDFS/sylar/common/util_cgi.cc:234]--root = {{
}}
[2022-10-02 16:09:44]--[/root/projects/CoroutineDFS/sylar/common/util_cgi.cc:237]--out = {{
	"code":	0
}}
[2022-10-02 16:10:08]--[/root/projects/CoroutineDFS/sylar/common/deal_mysql.cc:167]--row[0] = 21218cca77804d2ba1922c33e0151105
[2022-10-02 19:18:10]--[/root/projects/CoroutineDFS/sylar/common/deal_mysql.cc:167]--row[0] = 21218cca77804d2ba1922c33e0151105
[2022-10-02 19:20:37]--[/root/projects/CoroutineDFS/sylar/common/util_cgi.cc:234]--root = {{
}}
[2022-10-02 19:20:37]--[/root/projects/CoroutineDFS/sylar/common/util_cgi.cc:237]--out = {{
	"code":	1
}}
[2022-10-02 19:20:37]--[/root/projects/CoroutineDFS/sylar/common/util_cgi.cc:234]--root = {{
}}
[2022-10-02 19:20:37]--[/root/projects/CoroutineDFS/sylar/common/util_cgi.cc:237]--out = {{
	"code":	1
}}
[2022-10-02 19:20:52]--[/root/projects/CoroutineDFS/sylar/common/deal_mysql.cc:167]--row[0] = 21218cca77804d2ba1922c33e0151105
[2022-10-02 20:16:30]--[/root/projects/CoroutineDFS/sylar/common/deal_mysql.cc:167]--row[0] = 21218cca77804d2ba1922c33e0151105
[2022-10-02 20:16:46]--[/root/projects/CoroutineDFS/sylar/common/util_cgi.cc:234]--root = {{
}}
[2022-10-02 20:16:46]--[/root/projects/CoroutineDFS/sylar/common/util_cgi.cc:237]--out = {{
	"code":	0
}}
[2022-10-02 20:16:46]--[/root/projects/CoroutineDFS/sylar/common/deal_mysql.cc:167]--row[0] = 1
[2022-10-02 20:22:40]--[/root/projects/CoroutineDFS/sylar/common/deal_mysql.cc:167]--row[0] = 21218cca77804d2ba1922c33e0151105
[2022-10-02 20:22:57]--[/root/projects/CoroutineDFS/sylar/common/deal_mysql.cc:167]--row[0] = 1
[2022-10-02 20:22:58]--[/root/projects/CoroutineDFS/sylar/common/deal_mysql.cc:167]--row[0] = 1
[2022-10-02 20:24:06]--[/root/projects/CoroutineDFS/sylar/common/deal_mysql.cc:167]--row[0] = 1
[2022-10-02 20:24:06]--[/root/projects/CoroutineDFS/sylar/common/deal_mysql.cc:167]--row[0] = 1
[2022-10-02 20:34:41]--[/root/projects/CoroutineDFS/sylar/common/util_cgi.cc:234]--root = {{
}}
[2022-10-02 20:34:41]--[/root/projects/CoroutineDFS/sylar/common/util_cgi.cc:237]--out = {{
	"code":	1
}}
[2022-10-02 20:34:41]--[/root/projects/CoroutineDFS/sylar/common/util_cgi.cc:234]--root = {{
}}
[2022-10-02 20:34:41]--[/root/projects/CoroutineDFS/sylar/common/util_cgi.cc:237]--out = {{
	"code":	1
}}
[2022-10-02 20:34:48]--[/root/projects/CoroutineDFS/sylar/common/util_cgi.cc:234]--root = {{
}}
[2022-10-02 20:34:48]--[/root/projects/CoroutineDFS/sylar/common/util_cgi.cc:237]--out = {{
	"code":	1
}}
[2022-10-02 20:34:48]--[/root/projects/CoroutineDFS/sylar/common/util_cgi.cc:234]--root = {{
}}
[2022-10-02 20:34:48]--[/root/projects/CoroutineDFS/sylar/common/util_cgi.cc:237]--out = {{
	"code":	1
}}
[2022-10-02 20:34:57]--[/root/projects/CoroutineDFS/sylar/common/util_cgi.cc:234]--root = {{
}}
[2022-10-02 20:34:57]--[/root/projects/CoroutineDFS/sylar/common/util_cgi.cc:237]--out = {{
	"code":	1
}}
[2022-10-02 20:35:04]--[/root/projects/CoroutineDFS/sylar/common/deal_mysql.cc:167]--row[0] = 21218cca77804d2ba1922c33e0151105
[2022-10-02 20:35:04]--[/root/projects/CoroutineDFS/sylar/common/deal_mysql.cc:167]--row[0] = 1
[2022-10-02 20:35:04]--[/root/projects/CoroutineDFS/sylar/common/deal_mysql.cc:167]--row[0] = 1
[2022-10-02 20:46:49]--[/root/projects/CoroutineDFS/sylar/common/util_cgi.cc:234]--root = {{
}}
[2022-10-02 20:46:49]--[/root/projects/CoroutineDFS/sylar/common/util_cgi.cc:237]--out = {{
	"code":	1
}}
[2022-10-02 20:46:49]--[/root/projects/CoroutineDFS/sylar/common/util_cgi.cc:234]--root = {{
}}
[2022-10-02 20:46:49]--[/root/projects/CoroutineDFS/sylar/common/util_cgi.cc:237]--out = {{
	"code":	1
}}
[2022-10-02 20:46:58]--[/root/projects/CoroutineDFS/sylar/common/util_cgi.cc:234]--root = {{
}}
[2022-10-02 20:46:58]--[/root/projects/CoroutineDFS/sylar/common/util_cgi.cc:237]--out = {{
	"code":	1
}}
[2022-10-02 20:47:06]--[/root/projects/CoroutineDFS/sylar/common/deal_mysql.cc:167]--row[0] = 21218cca77804d2ba1922c33e0151105
[2022-10-02 20:47:06]--[/root/projects/CoroutineDFS/sylar/common/deal_mysql.cc:167]--row[0] = 2
[2022-10-02 20:47:06]--[/root/projects/CoroutineDFS/sylar/common/deal_mysql.cc:167]--row[0] = 2
[2022-10-02 20:47:24]--[/root/projects/CoroutineDFS/sylar/common/deal_mysql.cc:167]--row[0] = 3
[2022-10-02 20:47:36]--[/root/projects/CoroutineDFS/sylar/common/deal_mysql.cc:167]--row[0] = 4
[2022-10-02 20:47:46]--[/root/projects/CoroutineDFS/sylar/common/deal_mysql.cc:167]--row[0] = 5
[2022-10-02 20:47:58]--[/root/projects/CoroutineDFS/sylar/common/deal_mysql.cc:167]--row[0] = 5
[2022-10-02 20:47:58]--[/root/projects/CoroutineDFS/sylar/common/deal_mysql.cc:167]--row[0] = 5
[2022-10-02 21:10:28]--[/root/projects/CoroutineDFS/sylar/common/deal_mysql.cc:167]--row[0] = 21218cca77804d2ba1922c33e0151105
[2022-10-02 21:10:29]--[/root/projects/CoroutineDFS/sylar/common/deal_mysql.cc:167]--row[0] = 5
[2022-10-02 21:10:29]--[/root/projects/CoroutineDFS/sylar/common/deal_mysql.cc:167]--row[0] = 5
