[2022-10-04 09:14:45]--[/root/projects/CoroutineDFS/sylar/common/deal_mysql.cc:167]--row[0] = 21218cca77804d2ba1922c33e0151105
[2022-10-04 09:14:45]--[/root/projects/CoroutineDFS/sylar/common/deal_mysql.cc:167]--row[0] = 9
[2022-10-04 09:14:45]--[/root/projects/CoroutineDFS/sylar/common/deal_mysql.cc:167]--row[0] = 9
[2022-10-04 09:15:22]--[/root/projects/CoroutineDFS/sylar/common/deal_mysql.cc:167]--row[0] = 9
[2022-10-04 09:15:38]--[/root/projects/CoroutineDFS/sylar/common/deal_mysql.cc:167]--row[0] = e10adc3949ba59abbe56e057f20f883e
[2022-10-04 09:15:38]--[/root/projects/CoroutineDFS/sylar/common/deal_mysql.cc:167]--row[0] = 15
[2022-10-04 09:15:38]--[/root/projects/CoroutineDFS/sylar/common/deal_mysql.cc:167]--row[0] = 15
[2022-10-04 09:24:52]--[/root/projects/CoroutineDFS/sylar/common/deal_mysql.cc:167]--row[0] = 15
[2022-10-04 09:24:52]--[/root/projects/CoroutineDFS/sylar/common/deal_mysql.cc:167]--row[0] = 15
[2022-10-04 09:26:17]--[/root/projects/CoroutineDFS/sylar/common/deal_mysql.cc:167]--row[0] = 21218cca77804d2ba1922c33e0151105
[2022-10-04 09:26:17]--[/root/projects/CoroutineDFS/sylar/common/deal_mysql.cc:167]--row[0] = 9
[2022-10-04 09:26:17]--[/root/projects/CoroutineDFS/sylar/common/deal_mysql.cc:167]--row[0] = 9
[2022-10-04 09:27:14]--[/root/projects/CoroutineDFS/sylar/common/deal_mysql.cc:167]--row[0] = 21218cca77804d2ba1922c33e0151105
[2022-10-04 09:27:14]--[/root/projects/CoroutineDFS/sylar/common/deal_mysql.cc:167]--row[0] = 9
[2022-10-04 09:27:14]--[/root/projects/CoroutineDFS/sylar/common/deal_mysql.cc:167]--row[0] = 9
[2022-10-04 09:28:57]--[/root/projects/CoroutineDFS/sylar/common/deal_mysql.cc:167]--row[0] = 9
[2022-10-04 09:28:57]--[/root/projects/CoroutineDFS/sylar/common/deal_mysql.cc:167]--row[0] = 9
[2022-10-04 09:29:49]--[/root/projects/CoroutineDFS/sylar/common/deal_mysql.cc:167]--row[0] = 9
[2022-10-04 09:29:49]--[/root/projects/CoroutineDFS/sylar/common/deal_mysql.cc:167]--row[0] = 9
[2022-10-04 09:45:31]--[/root/projects/CoroutineDFS/sylar/common/util_cgi.cc:234]--root = {{
}}
[2022-10-04 09:45:31]--[/root/projects/CoroutineDFS/sylar/common/util_cgi.cc:237]--out = {{
	"code":	1
}}
[2022-10-04 09:45:31]--[/root/projects/CoroutineDFS/sylar/common/util_cgi.cc:234]--root = {{
}}
[2022-10-04 09:45:31]--[/root/projects/CoroutineDFS/sylar/common/util_cgi.cc:237]--out = {{
	"code":	1
}}
[2022-10-04 09:45:39]--[/root/projects/CoroutineDFS/sylar/common/deal_mysql.cc:167]--row[0] = 21218cca77804d2ba1922c33e0151105
[2022-10-04 09:45:39]--[/root/projects/CoroutineDFS/sylar/common/deal_mysql.cc:167]--row[0] = 9
[2022-10-04 09:45:39]--[/root/projects/CoroutineDFS/sylar/common/deal_mysql.cc:167]--row[0] = 9
[2022-10-04 09:46:21]--[/root/projects/CoroutineDFS/sylar/common/deal_mysql.cc:167]--row[0] = e10adc3949ba59abbe56e057f20f883e
[2022-10-04 09:46:21]--[/root/projects/CoroutineDFS/sylar/common/deal_mysql.cc:167]--row[0] = 15
[2022-10-04 09:46:21]--[/root/projects/CoroutineDFS/sylar/common/deal_mysql.cc:167]--row[0] = 15
[2022-10-04 09:54:55]--[/root/projects/CoroutineDFS/sylar/common/deal_mysql.cc:167]--row[0] = 15
[2022-10-04 09:54:55]--[/root/projects/CoroutineDFS/sylar/common/deal_mysql.cc:167]--row[0] = 15
[2022-10-04 09:55:03]--[/root/projects/CoroutineDFS/sylar/common/deal_mysql.cc:167]--row[0] = 15
[2022-10-04 09:55:03]--[/root/projects/CoroutineDFS/sylar/common/deal_mysql.cc:167]--row[0] = 15
[2022-10-04 09:55:17]--[/root/projects/CoroutineDFS/sylar/common/util_cgi.cc:234]--root = {{
}}
[2022-10-04 09:55:17]--[/root/projects/CoroutineDFS/sylar/common/util_cgi.cc:237]--out = {{
	"code":	1
}}
[2022-10-04 09:55:17]--[/root/projects/CoroutineDFS/sylar/common/util_cgi.cc:234]--root = {{
}}
[2022-10-04 09:55:17]--[/root/projects/CoroutineDFS/sylar/common/util_cgi.cc:237]--out = {{
	"code":	1
}}
[2022-10-04 09:55:31]--[/root/projects/CoroutineDFS/sylar/common/util_cgi.cc:234]--root = {{
}}
[2022-10-04 09:55:31]--[/root/projects/CoroutineDFS/sylar/common/util_cgi.cc:237]--out = {{
	"code":	1
}}
[2022-10-04 09:56:01]--[/root/projects/CoroutineDFS/sylar/common/deal_mysql.cc:167]--row[0] = 21218cca77804d2ba1922c33e0151105
[2022-10-04 09:56:01]--[/root/projects/CoroutineDFS/sylar/common/deal_mysql.cc:167]--row[0] = 9
[2022-10-04 09:56:01]--[/root/projects/CoroutineDFS/sylar/common/deal_mysql.cc:167]--row[0] = 9
[2022-10-04 10:05:25]--[/root/projects/CoroutineDFS/sylar/common/deal_mysql.cc:167]--row[0] = e10adc3949ba59abbe56e057f20f883e
[2022-10-04 10:05:25]--[/root/projects/CoroutineDFS/sylar/common/deal_mysql.cc:167]--row[0] = 15
[2022-10-04 10:05:25]--[/root/projects/CoroutineDFS/sylar/common/deal_mysql.cc:167]--row[0] = 15
[2022-10-04 10:05:29]--[/root/projects/CoroutineDFS/sylar/common/deal_mysql.cc:167]--row[0] = 15
[2022-10-04 10:05:29]--[/root/projects/CoroutineDFS/sylar/common/deal_mysql.cc:167]--row[0] = 15
[2022-10-04 10:05:30]--[/root/projects/CoroutineDFS/sylar/common/deal_mysql.cc:167]--row[0] = 4
[2022-10-04 10:05:30]--[/root/projects/CoroutineDFS/sylar/common/deal_mysql.cc:167]--row[0] = 4
[2022-10-04 10:05:32]--[/root/projects/CoroutineDFS/sylar/common/deal_mysql.cc:167]--row[0] = 4
[2022-10-04 10:05:32]--[/root/projects/CoroutineDFS/sylar/common/deal_mysql.cc:167]--row[0] = 4
[2022-10-04 10:13:42]--[/root/projects/CoroutineDFS/sylar/common/deal_mysql.cc:167]--row[0] = e10adc3949ba59abbe56e057f20f883e
[2022-10-04 10:13:42]--[/root/projects/CoroutineDFS/sylar/common/deal_mysql.cc:167]--row[0] = 15
[2022-10-04 10:13:42]--[/root/projects/CoroutineDFS/sylar/common/deal_mysql.cc:167]--row[0] = 15
[2022-10-04 10:15:25]--[/root/projects/CoroutineDFS/sylar/common/deal_mysql.cc:167]--row[0] = 15
[2022-10-04 10:15:25]--[/root/projects/CoroutineDFS/sylar/common/deal_mysql.cc:167]--row[0] = 15
[2022-10-04 10:15:27]--[/root/projects/CoroutineDFS/sylar/common/deal_mysql.cc:167]--row[0] = 15
[2022-10-04 10:15:27]--[/root/projects/CoroutineDFS/sylar/common/deal_mysql.cc:167]--row[0] = 15
[2022-10-04 10:15:33]--[/root/projects/CoroutineDFS/sylar/common/deal_mysql.cc:167]--row[0] = 21218cca77804d2ba1922c33e0151105
[2022-10-04 10:15:33]--[/root/projects/CoroutineDFS/sylar/common/deal_mysql.cc:167]--row[0] = 9
[2022-10-04 10:15:33]--[/root/projects/CoroutineDFS/sylar/common/deal_mysql.cc:167]--row[0] = 9
[2022-10-04 10:16:04]--[/root/projects/CoroutineDFS/sylar/common/deal_mysql.cc:167]--row[0] = 21218cca77804d2ba1922c33e0151105
[2022-10-04 10:16:06]--[/root/projects/CoroutineDFS/sylar/common/deal_mysql.cc:167]--row[0] = 9
[2022-10-04 10:16:24]--[/root/projects/CoroutineDFS/sylar/common/deal_mysql.cc:167]--row[0] = 9
[2022-10-04 10:16:25]--[/root/projects/CoroutineDFS/sylar/common/deal_mysql.cc:167]--row[0] = 9
[2022-10-04 10:16:57]--[/root/projects/CoroutineDFS/sylar/common/deal_mysql.cc:167]--row[0] = 21218cca77804d2ba1922c33e0151105
[2022-10-04 10:17:04]--[/root/projects/CoroutineDFS/sylar/common/deal_mysql.cc:167]--row[0] = 9
[2022-10-04 10:17:32]--[/root/projects/CoroutineDFS/sylar/common/deal_mysql.cc:167]--row[0] = 9
[2022-10-04 10:17:37]--[/root/projects/CoroutineDFS/sylar/common/deal_mysql.cc:167]--row[0] = 9
[2022-10-04 10:17:45]--[/root/projects/CoroutineDFS/sylar/common/deal_mysql.cc:167]--row[0] = e10adc3949ba59abbe56e057f20f883e
[2022-10-04 10:17:45]--[/root/projects/CoroutineDFS/sylar/common/deal_mysql.cc:167]--row[0] = 15
[2022-10-04 10:17:45]--[/root/projects/CoroutineDFS/sylar/common/deal_mysql.cc:167]--row[0] = 15
[2022-10-04 10:30:33]--[/root/projects/CoroutineDFS/sylar/common/deal_mysql.cc:167]--row[0] = 15
[2022-10-04 10:30:33]--[/root/projects/CoroutineDFS/sylar/common/deal_mysql.cc:167]--row[0] = 15
[2022-10-04 10:32:43]--[/root/projects/CoroutineDFS/sylar/common/util_cgi.cc:234]--root = {{
}}
[2022-10-04 10:32:43]--[/root/projects/CoroutineDFS/sylar/common/util_cgi.cc:237]--out = {{
	"code":	1
}}
[2022-10-04 10:32:43]--[/root/projects/CoroutineDFS/sylar/common/util_cgi.cc:234]--root = {{
}}
[2022-10-04 10:32:43]--[/root/projects/CoroutineDFS/sylar/common/util_cgi.cc:237]--out = {{
	"code":	1
}}
[2022-10-04 18:48:58]--[/root/projects/CoroutineDFS/sylar/common/deal_mysql.cc:167]--row[0] = 21218cca77804d2ba1922c33e0151105
[2022-10-04 18:48:58]--[/root/projects/CoroutineDFS/sylar/common/deal_mysql.cc:167]--row[0] = 9
[2022-10-04 18:48:58]--[/root/projects/CoroutineDFS/sylar/common/deal_mysql.cc:167]--row[0] = 9
[2022-10-04 18:49:03]--[/root/projects/CoroutineDFS/sylar/common/deal_mysql.cc:167]--row[0] = 9
[2022-10-04 18:49:03]--[/root/projects/CoroutineDFS/sylar/common/deal_mysql.cc:167]--row[0] = 9
[2022-10-04 18:49:06]--[/root/projects/CoroutineDFS/sylar/common/deal_mysql.cc:167]--row[0] = 4
[2022-10-04 18:49:06]--[/root/projects/CoroutineDFS/sylar/common/deal_mysql.cc:167]--row[0] = 4
[2022-10-04 18:49:11]--[/root/projects/CoroutineDFS/sylar/common/deal_mysql.cc:167]--row[0] = 4
[2022-10-04 18:49:11]--[/root/projects/CoroutineDFS/sylar/common/deal_mysql.cc:167]--row[0] = 4
[2022-10-04 18:49:15]--[/root/projects/CoroutineDFS/sylar/common/deal_mysql.cc:167]--row[0] = 4
[2022-10-04 18:49:16]--[/root/projects/CoroutineDFS/sylar/common/deal_mysql.cc:167]--row[0] = 4
[2022-10-04 18:49:17]--[/root/projects/CoroutineDFS/sylar/common/deal_mysql.cc:167]--row[0] = 9
[2022-10-04 18:49:17]--[/root/projects/CoroutineDFS/sylar/common/deal_mysql.cc:167]--row[0] = 9
[2022-10-04 18:49:33]--[/root/projects/CoroutineDFS/sylar/common/deal_mysql.cc:167]--row[0] = 0
[2022-10-04 18:49:33]--[/root/projects/CoroutineDFS/sylar/common/deal_mysql.cc:167]--row[0] = 9
[2022-10-04 18:49:33]--[/root/projects/CoroutineDFS/sylar/common/deal_mysql.cc:167]--row[0] = 4
[2022-10-04 18:49:33]--[/root/projects/CoroutineDFS/sylar/common/util_cgi.cc:234]--root = {{
}}
[2022-10-04 18:49:33]--[/root/projects/CoroutineDFS/sylar/common/util_cgi.cc:237]--out = {{
	"code":	0
}}
[2022-10-04 18:49:34]--[/root/projects/CoroutineDFS/sylar/common/deal_mysql.cc:167]--row[0] = 8
[2022-10-04 18:49:35]--[/root/projects/CoroutineDFS/sylar/common/deal_mysql.cc:167]--row[0] = 0
[2022-10-04 18:49:35]--[/root/projects/CoroutineDFS/sylar/common/deal_mysql.cc:167]--row[0] = 8
[2022-10-04 18:49:35]--[/root/projects/CoroutineDFS/sylar/common/deal_mysql.cc:167]--row[0] = 3
[2022-10-04 18:49:35]--[/root/projects/CoroutineDFS/sylar/common/util_cgi.cc:234]--root = {{
}}
[2022-10-04 18:49:35]--[/root/projects/CoroutineDFS/sylar/common/util_cgi.cc:237]--out = {{
	"code":	0
}}
[2022-10-04 18:49:36]--[/root/projects/CoroutineDFS/sylar/common/deal_mysql.cc:167]--row[0] = 7
[2022-10-04 18:49:45]--[/root/projects/CoroutineDFS/sylar/common/deal_mysql.cc:167]--row[0] = 7
[2022-10-04 18:49:49]--[/root/projects/CoroutineDFS/sylar/common/deal_mysql.cc:167]--row[0] = 7
[2022-10-04 18:49:53]--[/root/projects/CoroutineDFS/sylar/common/deal_mysql.cc:167]--row[0] = 7
[2022-10-04 18:50:12]--[/root/projects/CoroutineDFS/sylar/common/deal_mysql.cc:167]--row[0] = 4
[2022-10-04 18:50:12]--[/root/projects/CoroutineDFS/sylar/common/util_cgi.cc:234]--root = {{
}}
[2022-10-04 18:50:12]--[/root/projects/CoroutineDFS/sylar/common/util_cgi.cc:237]--out = {{
	"code":	0
}}
[2022-10-04 18:50:12]--[/root/projects/CoroutineDFS/sylar/common/deal_mysql.cc:167]--row[0] = 7
[2022-10-04 18:50:22]--[/root/projects/CoroutineDFS/sylar/common/util_cgi.cc:234]--root = {{
}}
[2022-10-04 18:50:22]--[/root/projects/CoroutineDFS/sylar/common/util_cgi.cc:237]--out = {{
	"code":	1
}}
[2022-10-04 18:50:25]--[/root/projects/CoroutineDFS/sylar/common/deal_mysql.cc:167]--row[0] = 7
[2022-10-04 18:50:25]--[/root/projects/CoroutineDFS/sylar/common/util_cgi.cc:234]--root = {{
}}
[2022-10-04 18:50:25]--[/root/projects/CoroutineDFS/sylar/common/util_cgi.cc:237]--out = {{
	"code":	0
}}
[2022-10-04 18:50:25]--[/root/projects/CoroutineDFS/sylar/common/deal_mysql.cc:167]--row[0] = 8
[2022-10-04 18:50:32]--[/root/projects/CoroutineDFS/sylar/common/deal_mysql.cc:167]--row[0] = 5
[2022-10-04 18:50:32]--[/root/projects/CoroutineDFS/sylar/common/util_cgi.cc:234]--root = {{
}}
[2022-10-04 18:50:32]--[/root/projects/CoroutineDFS/sylar/common/util_cgi.cc:237]--out = {{
	"code":	0
}}
[2022-10-04 18:50:32]--[/root/projects/CoroutineDFS/sylar/common/deal_mysql.cc:167]--row[0] = 8
[2022-10-04 18:50:35]--[/root/projects/CoroutineDFS/sylar/common/deal_mysql.cc:167]--row[0] = 6
[2022-10-04 18:50:35]--[/root/projects/CoroutineDFS/sylar/common/util_cgi.cc:234]--root = {{
}}
[2022-10-04 18:50:35]--[/root/projects/CoroutineDFS/sylar/common/util_cgi.cc:237]--out = {{
	"code":	0
}}
[2022-10-04 18:50:35]--[/root/projects/CoroutineDFS/sylar/common/deal_mysql.cc:167]--row[0] = 8
[2022-10-04 18:50:39]--[/root/projects/CoroutineDFS/sylar/common/deal_mysql.cc:167]--row[0] = 8
[2022-10-04 18:50:39]--[/root/projects/CoroutineDFS/sylar/common/deal_mysql.cc:167]--row[0] = 8
[2022-10-04 19:18:22]--[/root/projects/CoroutineDFS/sylar/common/deal_mysql.cc:167]--row[0] = d5a8511c903e997201d0cfae4b6d4ede
[2022-10-04 19:18:23]--[/root/projects/CoroutineDFS/sylar/common/deal_mysql.cc:167]--row[0] = 2
[2022-10-04 19:18:23]--[/root/projects/CoroutineDFS/sylar/common/deal_mysql.cc:167]--row[0] = 2
[2022-10-04 19:33:50]--[/root/projects/CoroutineDFS/sylar/common/deal_mysql.cc:167]--row[0] = 21218cca77804d2ba1922c33e0151105
[2022-10-04 19:33:51]--[/root/projects/CoroutineDFS/sylar/common/deal_mysql.cc:167]--row[0] = 8
[2022-10-04 19:33:51]--[/root/projects/CoroutineDFS/sylar/common/deal_mysql.cc:167]--row[0] = 8
[2022-10-04 19:40:04]--[/root/projects/CoroutineDFS/sylar/module/reg_servlet.cc:157]--reg_buf = {"email":"","firstPwd":"e10adc3949ba59abbe56e057f20f883e","nickName":"afdasdf","phone":"","userName":"asdfaf"}
[2022-10-04 19:40:11]--[/root/projects/CoroutineDFS/sylar/common/util_cgi.cc:234]--root = {{
}}
[2022-10-04 19:40:11]--[/root/projects/CoroutineDFS/sylar/common/util_cgi.cc:237]--out = {{
	"code":	0
}}
[2022-10-04 19:40:20]--[/root/projects/CoroutineDFS/sylar/common/deal_mysql.cc:167]--row[0] = e10adc3949ba59abbe56e057f20f883e
[2022-10-04 19:40:34]--[/root/projects/CoroutineDFS/sylar/common/deal_mysql.cc:167]--row[0] = e10adc3949ba59abbe56e057f20f883e
[2022-10-04 19:40:34]--[/root/projects/CoroutineDFS/sylar/common/deal_mysql.cc:167]--row[0] = 15
[2022-10-04 19:40:34]--[/root/projects/CoroutineDFS/sylar/common/deal_mysql.cc:167]--row[0] = 15
[2022-10-04 19:40:41]--[/root/projects/CoroutineDFS/sylar/common/deal_mysql.cc:167]--row[0] = 21218cca77804d2ba1922c33e0151105
[2022-10-04 19:40:41]--[/root/projects/CoroutineDFS/sylar/common/deal_mysql.cc:167]--row[0] = 8
[2022-10-04 19:40:41]--[/root/projects/CoroutineDFS/sylar/common/deal_mysql.cc:167]--row[0] = 8
[2022-10-04 19:40:48]--[/root/projects/CoroutineDFS/sylar/common/deal_mysql.cc:167]--row[0] = e10adc3949ba59abbe56e057f20f883e
[2022-10-04 19:45:04]--[/root/projects/CoroutineDFS/sylar/common/deal_mysql.cc:167]--row[0] = e10adc3949ba59abbe56e057f20f883e
[2022-10-04 19:45:30]--[/root/projects/CoroutineDFS/sylar/common/deal_mysql.cc:167]--row[0] = e10adc3949ba59abbe56e057f20f883e
[2022-10-04 19:45:30]--[/root/projects/CoroutineDFS/sylar/common/deal_mysql.cc:167]--row[0] = 15
[2022-10-04 19:45:30]--[/root/projects/CoroutineDFS/sylar/common/deal_mysql.cc:167]--row[0] = 15
[2022-10-04 19:45:32]--[/root/projects/CoroutineDFS/sylar/common/deal_mysql.cc:167]--row[0] = 15
[2022-10-04 19:45:50]--[/root/projects/CoroutineDFS/sylar/common/deal_mysql.cc:167]--row[0] = e10adc3949ba59abbe56e057f20f883e
[2022-10-04 20:04:21]--[/root/projects/CoroutineDFS/sylar/common/deal_mysql.cc:167]--row[0] = e10adc3949ba59abbe56e057f20f883e
[2022-10-04 20:04:21]--[/root/projects/CoroutineDFS/sylar/common/deal_mysql.cc:167]--row[0] = 15
[2022-10-04 20:04:21]--[/root/projects/CoroutineDFS/sylar/common/deal_mysql.cc:167]--row[0] = 15
[2022-10-04 20:04:28]--[/root/projects/CoroutineDFS/sylar/common/deal_mysql.cc:167]--row[0] = e10adc3949ba59abbe56e057f20f883e
[2022-10-04 20:11:35]--[/root/projects/CoroutineDFS/sylar/common/deal_mysql.cc:167]--row[0] = e10adc3949ba59abbe56e057f20f883e
[2022-10-04 20:11:44]--[/root/projects/CoroutineDFS/sylar/common/deal_mysql.cc:167]--row[0] = 15
[2022-10-04 20:11:44]--[/root/projects/CoroutineDFS/sylar/common/deal_mysql.cc:167]--row[0] = 15
[2022-10-04 20:11:46]--[/root/projects/CoroutineDFS/sylar/common/deal_mysql.cc:167]--row[0] = 15
[2022-10-04 20:12:08]--[/root/projects/CoroutineDFS/sylar/module/reg_servlet.cc:157]--reg_buf = {"email":"","firstPwd":"1a100d2c0dab19c4430e7d73762b3423","nickName":"333333","phone":"","userName":"333333"}
[2022-10-04 20:12:08]--[/root/projects/CoroutineDFS/sylar/common/util_cgi.cc:234]--root = {{
}}
[2022-10-04 20:12:08]--[/root/projects/CoroutineDFS/sylar/common/util_cgi.cc:237]--out = {{
	"code":	1
}}
[2022-10-04 20:12:21]--[/root/projects/CoroutineDFS/sylar/module/reg_servlet.cc:157]--reg_buf = {"email":"","firstPwd":"074fd28eff0f5adea071694061739e55","nickName":"3333333","phone":"","userName":"3333333"}
[2022-10-04 20:12:21]--[/root/projects/CoroutineDFS/sylar/common/util_cgi.cc:234]--root = {{
}}
[2022-10-04 20:12:21]--[/root/projects/CoroutineDFS/sylar/common/util_cgi.cc:237]--out = {{
	"code":	0
}}
[2022-10-04 20:12:34]--[/root/projects/CoroutineDFS/sylar/common/deal_mysql.cc:167]--row[0] = 074fd28eff0f5adea071694061739e55
[2022-10-04 20:12:37]--[/root/projects/CoroutineDFS/sylar/common/deal_mysql.cc:167]--row[0] = 074fd28eff0f5adea071694061739e55
[2022-10-04 20:12:55]--[/root/projects/CoroutineDFS/sylar/common/util_cgi.cc:234]--root = {{
}}
[2022-10-04 20:12:55]--[/root/projects/CoroutineDFS/sylar/common/util_cgi.cc:237]--out = {{
	"code":	1
}}
[2022-10-04 20:12:56]--[/root/projects/CoroutineDFS/sylar/common/util_cgi.cc:234]--root = {{
}}
[2022-10-04 20:12:56]--[/root/projects/CoroutineDFS/sylar/common/util_cgi.cc:237]--out = {{
	"code":	0
}}
[2022-10-04 20:12:56]--[/root/projects/CoroutineDFS/sylar/common/deal_mysql.cc:167]--row[0] = 1
[2022-10-04 20:12:58]--[/root/projects/CoroutineDFS/sylar/common/deal_mysql.cc:167]--row[0] = 1
[2022-10-04 20:13:09]--[/root/projects/CoroutineDFS/sylar/common/deal_mysql.cc:167]--row[0] = 1
[2022-10-04 20:13:11]--[/root/projects/CoroutineDFS/sylar/common/deal_mysql.cc:167]--row[0] = 1
[2022-10-04 20:14:59]--[/root/projects/CoroutineDFS/sylar/common/deal_mysql.cc:167]--row[0] = 1
[2022-10-04 20:15:05]--[/root/projects/CoroutineDFS/sylar/common/deal_mysql.cc:167]--row[0] = e10adc3949ba59abbe56e057f20f883e
[2022-10-04 20:15:29]--[/root/projects/CoroutineDFS/sylar/common/deal_mysql.cc:167]--row[0] = 5
[2022-10-04 20:15:29]--[/root/projects/CoroutineDFS/sylar/common/deal_mysql.cc:167]--row[0] = 5
[2022-10-04 20:15:31]--[/root/projects/CoroutineDFS/sylar/common/deal_mysql.cc:167]--row[0] = 5
[2022-10-04 20:15:31]--[/root/projects/CoroutineDFS/sylar/common/deal_mysql.cc:167]--row[0] = 5
[2022-10-04 20:15:34]--[/root/projects/CoroutineDFS/sylar/common/deal_mysql.cc:167]--row[0] = 5
[2022-10-04 20:15:34]--[/root/projects/CoroutineDFS/sylar/common/deal_mysql.cc:167]--row[0] = 5
[2022-10-04 20:15:50]--[/root/projects/CoroutineDFS/sylar/common/util_cgi.cc:234]--root = {{
}}
[2022-10-04 20:15:50]--[/root/projects/CoroutineDFS/sylar/common/util_cgi.cc:237]--out = {{
	"code":	1
}}
[2022-10-04 20:15:59]--[/root/projects/CoroutineDFS/sylar/common/util_cgi.cc:234]--root = {{
}}
[2022-10-04 20:15:59]--[/root/projects/CoroutineDFS/sylar/common/util_cgi.cc:237]--out = {{
	"code":	0
}}
[2022-10-04 20:15:59]--[/root/projects/CoroutineDFS/sylar/common/deal_mysql.cc:167]--row[0] = 1
[2022-10-04 20:16:46]--[/root/projects/CoroutineDFS/sylar/common/deal_mysql.cc:167]--row[0] = 1
[2022-10-04 20:16:46]--[/root/projects/CoroutineDFS/sylar/common/deal_mysql.cc:167]--row[0] = 1
[2022-10-04 20:16:48]--[/root/projects/CoroutineDFS/sylar/common/deal_mysql.cc:167]--row[0] = 0
[2022-10-04 20:16:48]--[/root/projects/CoroutineDFS/sylar/common/deal_mysql.cc:167]--row[0] = 1
[2022-10-04 20:16:48]--[/root/projects/CoroutineDFS/sylar/common/deal_mysql.cc:167]--row[0] = 1
[2022-10-04 20:16:48]--[/root/projects/CoroutineDFS/sylar/common/util_cgi.cc:234]--root = {{
}}
[2022-10-04 20:16:48]--[/root/projects/CoroutineDFS/sylar/common/util_cgi.cc:237]--out = {{
	"code":	0
}}
[2022-10-04 20:16:48]--[/root/projects/CoroutineDFS/sylar/common/deal_mysql.cc:167]--row[0] = 0
