[2022-10-03 09:23:47]--[/root/projects/CoroutineDFS/sylar/module/upload_servlet.cc:63]--开始上传[, 大小：208863]到本地
[2022-10-03 09:23:47]--[/root/projects/CoroutineDFS/sylar/module/upload_servlet.cc:234]--boundary: [-----------------------------225574352639495706463004524072]
[2022-10-03 09:24:20]--[/root/projects/CoroutineDFS/sylar/module/upload_servlet.cc:257]--file_end:0x7fffe008812b, p:-----------------------------225574352639495706463004524072
Content-Disposition: form-data; name="user"

888888
-----------------------------225574352639495706463004524072
Content-Disposition: form-data; name="md5"

5d64b65e42088c65f713285becfa0916
-----------------------------225574352639495706463004524072
Content-Disposition: form-data; name="size"

208183
-----------------------------225574352639495706463004524072--

[2022-10-03 09:24:26]--[/root/projects/CoroutineDFS/sylar/module/upload_servlet.cc:262]--2 ->50 4b 03 04 14 00 06 00 08 00 00 00 21
[2022-10-03 09:24:27]--[/root/projects/CoroutineDFS/sylar/module/upload_servlet.cc:263]--file_end - file_start:208185
[2022-10-03 09:24:28]--[/root/projects/CoroutineDFS/sylar/module/upload_servlet.cc:271]--recv_save_file 271
[2022-10-03 09:24:28]--[/root/projects/CoroutineDFS/sylar/module/upload_servlet.cc:275]--filename[34]: [夏领兵-完整版 - 改 - 2.docx]
[2022-10-03 09:24:30]--[/root/projects/CoroutineDFS/sylar/module/upload_servlet.cc:278]--recv_save_file 278, file_end:72
Content-Disposition: form-data; name="user"

888888
-----------------------------225574352639495706463004524072
Content-Disposition: form-data; name="md5"

5d64b65e42088c65f713285becfa0916
-----------------------------225574352639495706463004524072
Content-Disposition: form-data; name="size"

208183
-----------------------------225574352639495706463004524072--

[2022-10-03 09:24:30]--[/root/projects/CoroutineDFS/sylar/module/upload_servlet.cc:280]--recv_save_file 280, p3:name="user"

888888
-----------------------------225574352639495706463004524072
Content-Disposition: form-data; name="md5"

5d64b65e42088c65f713285becfa0916
-----------------------------225574352639495706463004524072
Content-Disposition: form-data; name="size"

208183
-----------------------------225574352639495706463004524072--

[2022-10-03 09:24:30]--[/root/projects/CoroutineDFS/sylar/module/upload_servlet.cc:282]--recv_save_file 282, p3:

888888
-----------------------------225574352639495706463004524072
Content-Disposition: form-data; name="md5"

5d64b65e42088c65f713285becfa0916
-----------------------------225574352639495706463004524072
Content-Disposition: form-data; name="size"

208183
-----------------------------225574352639495706463004524072--

[2022-10-03 09:24:30]--[/root/projects/CoroutineDFS/sylar/module/upload_servlet.cc:292]--user[6]: [888888]
[2022-10-03 09:24:30]--[/root/projects/CoroutineDFS/sylar/module/upload_servlet.cc:297]--recv_save_file 297
[2022-10-03 09:24:30]--[/root/projects/CoroutineDFS/sylar/module/upload_servlet.cc:302]--md5[32]: [5d64b65e42088c65f713285becfa0916]
[2022-10-03 09:24:30]--[/root/projects/CoroutineDFS/sylar/module/upload_servlet.cc:303]--recv_save_file 303, p5:
-----------------------------225574352639495706463004524072
Content-Disposition: form-data; name="size"

208183
-----------------------------225574352639495706463004524072--

[2022-10-03 09:24:30]--[/root/projects/CoroutineDFS/sylar/module/upload_servlet.cc:320]--recv_save_file 320
[2022-10-03 09:24:30]--[/root/projects/CoroutineDFS/sylar/module/upload_servlet.cc:325]--size[6]: [208183]
[2022-10-03 09:24:30]--[/root/projects/CoroutineDFS/sylar/module/upload_servlet.cc:340]--recv_save_file 340, p6:-----------------------------225574352639495706463004524072--

[2022-10-03 09:24:30]--[/root/projects/CoroutineDFS/sylar/module/upload_servlet.cc:342]--recv_save_file 342, p6:--

[2022-10-03 09:24:30]--[/root/projects/CoroutineDFS/sylar/module/upload_servlet.cc:345]--recv_save_file 345, buf_end-p6:0 p6:
[2022-10-03 09:24:30]--[/root/projects/CoroutineDFS/sylar/module/upload_servlet.cc:346]--file size[208183]
[2022-10-03 09:24:30]--[/root/projects/CoroutineDFS/sylar/module/upload_servlet.cc:360]--start open 夏领兵-完整版 - 改 - 2.docx
[2022-10-03 09:24:30]--[/root/projects/CoroutineDFS/sylar/module/upload_servlet.cc:369]--write 夏领兵-完整版 - 改 - 2.docx len 208183
[2022-10-03 09:24:30]--[/root/projects/CoroutineDFS/sylar/module/upload_servlet.cc:72]--888888成功上传[夏领兵-完整版 - 改 - 2.docx, 大小：208183, md5码：5d64b65e42088c65f713285becfa0916]到本地
[2022-10-03 09:24:30]--[/root/projects/CoroutineDFS/sylar/module/upload_servlet.cc:705]--fdfs_upload_file /etc/fdfs/client.conf 夏领兵-完整版 - 改 - 2.docx
[2022-10-03 09:24:30]--[/root/projects/CoroutineDFS/sylar/module/upload_servlet.cc:733]--get [group1/M00/00/00/J2XNOmM6Oc6ATD7ZAAMtN0BZnEQ79.docx] success!
[2022-10-03 09:24:30]--[/root/projects/CoroutineDFS/sylar/module/upload_servlet.cc:836]--file url is: http://39.101.205.58:80/group1/M00/00/00/J2XNOmM6Oc6ATD7ZAAMtN0BZnEQ79.docx
[2022-10-03 09:24:30]--[/root/projects/CoroutineDFS/sylar/module/upload_servlet.cc:887]--insert into file_info (md5, file_id, url, size, type, count) values ('5d64b65e42088c65f713285becfa0916', 'group1/M00/00/00/J2XNOmM6Oc6ATD7ZAAMtN0BZnEQ79.docx', 'http://39.101.205.58:80/group1/M00/00/00/J2XNOmM6Oc6ATD7ZAAMtN0BZnEQ79.docx', '208183', 'docx', 1) 文件信息插入成功
[2022-10-03 09:33:44]--[/root/projects/CoroutineDFS/sylar/module/upload_servlet.cc:63]--开始上传[, 大小：357169]到本地
[2022-10-03 09:33:44]--[/root/projects/CoroutineDFS/sylar/module/upload_servlet.cc:234]--boundary: [-----------------------------978424100309056920837519688]
[2022-10-03 09:33:44]--[/root/projects/CoroutineDFS/sylar/module/upload_servlet.cc:67]--recv_save_file failed
[2022-10-03 09:33:44]--[/root/projects/CoroutineDFS/sylar/module/upload_servlet.cc:72]--成功上传[, 大小：140737318669869, md5码：]到本地
[2022-10-03 09:33:44]--[/root/projects/CoroutineDFS/sylar/module/upload_servlet.cc:715]--fdfs_upload_file /etc/fdfs/client.conf 
[2022-10-03 09:33:44]--[/root/projects/CoroutineDFS/sylar/module/upload_servlet.cc:738]--[upload FAILED!]
[2022-10-03 09:33:44]--[/root/projects/CoroutineDFS/sylar/module/upload_servlet.cc:743]--get [] success!
[2022-10-03 09:34:34]--[/root/projects/CoroutineDFS/sylar/module/upload_servlet.cc:63]--开始上传[, 大小：328918]到本地
[2022-10-03 09:34:45]--[/root/projects/CoroutineDFS/sylar/module/upload_servlet.cc:234]--boundary: [-----------------------------335458897627896927941100759282]
[2022-10-03 09:36:26]--[/root/projects/CoroutineDFS/sylar/module/upload_servlet.cc:63]--开始上传[, 大小：328913]到本地
[2022-10-03 09:36:30]--[/root/projects/CoroutineDFS/sylar/module/upload_servlet.cc:234]--boundary: [-----------------------------85620742714699217243116714416]
[2022-10-03 09:37:38]--[/root/projects/CoroutineDFS/sylar/module/upload_servlet.cc:63]--开始上传[, 大小：328918]到本地
[2022-10-03 09:37:41]--[/root/projects/CoroutineDFS/sylar/module/upload_servlet.cc:234]--boundary: [-----------------------------249054557416278790822993445315]
[2022-10-03 09:39:16]--[/root/projects/CoroutineDFS/sylar/module/upload_servlet.cc:267]--file_end:0x7fffe00a9122, p:-----------------------------249054557416278790822993445315
Content-Disposition: form-data; name="user"

888888
-----------------------------249054557416278790822993445315
Content-Disposition: form-data; name="md5"

51fb068ab44541558b9376d85e26b325
-----------------------------249054557416278790822993445315
Content-Disposition: form-data; name="size"

328240
-----------------------------249054557416278790822993445315--

[2022-10-03 09:39:19]--[/root/projects/CoroutineDFS/sylar/module/upload_servlet.cc:272]--2 ->50 4b 03 04 0a 00 00 00 00 00 ffffff87 4e ffffffe2
[2022-10-03 09:39:20]--[/root/projects/CoroutineDFS/sylar/module/upload_servlet.cc:273]--file_end - file_start:328242
[2022-10-03 09:39:23]--[/root/projects/CoroutineDFS/sylar/module/upload_servlet.cc:281]--recv_save_file 281
[2022-10-03 09:39:46]--[/root/projects/CoroutineDFS/sylar/module/upload_servlet.cc:285]--filename[38]: [2022.9.8实习&校招网申列表.xlsx]
[2022-10-03 09:39:47]--[/root/projects/CoroutineDFS/sylar/module/upload_servlet.cc:288]--recv_save_file 288, file_end:15
Content-Disposition: form-data; name="user"

888888
-----------------------------249054557416278790822993445315
Content-Disposition: form-data; name="md5"

51fb068ab44541558b9376d85e26b325
-----------------------------249054557416278790822993445315
Content-Disposition: form-data; name="size"

328240
-----------------------------249054557416278790822993445315--

[2022-10-03 09:39:47]--[/root/projects/CoroutineDFS/sylar/module/upload_servlet.cc:290]--recv_save_file 290, p3:name="user"

888888
-----------------------------249054557416278790822993445315
Content-Disposition: form-data; name="md5"

51fb068ab44541558b9376d85e26b325
-----------------------------249054557416278790822993445315
Content-Disposition: form-data; name="size"

328240
-----------------------------249054557416278790822993445315--

[2022-10-03 09:39:47]--[/root/projects/CoroutineDFS/sylar/module/upload_servlet.cc:292]--recv_save_file 292, p3:

888888
-----------------------------249054557416278790822993445315
Content-Disposition: form-data; name="md5"

51fb068ab44541558b9376d85e26b325
-----------------------------249054557416278790822993445315
Content-Disposition: form-data; name="size"

328240
-----------------------------249054557416278790822993445315--

[2022-10-03 09:39:47]--[/root/projects/CoroutineDFS/sylar/module/upload_servlet.cc:302]--user[6]: [888888]
[2022-10-03 09:39:47]--[/root/projects/CoroutineDFS/sylar/module/upload_servlet.cc:307]--recv_save_file 307
[2022-10-03 09:39:47]--[/root/projects/CoroutineDFS/sylar/module/upload_servlet.cc:312]--md5[32]: [51fb068ab44541558b9376d85e26b325]
[2022-10-03 09:39:47]--[/root/projects/CoroutineDFS/sylar/module/upload_servlet.cc:313]--recv_save_file 313, p5:
-----------------------------249054557416278790822993445315
Content-Disposition: form-data; name="size"

328240
-----------------------------249054557416278790822993445315--

[2022-10-03 09:39:47]--[/root/projects/CoroutineDFS/sylar/module/upload_servlet.cc:330]--recv_save_file 330
[2022-10-03 09:39:47]--[/root/projects/CoroutineDFS/sylar/module/upload_servlet.cc:335]--size[6]: [328240]
[2022-10-03 09:39:47]--[/root/projects/CoroutineDFS/sylar/module/upload_servlet.cc:350]--recv_save_file 350, p6:-----------------------------249054557416278790822993445315--

[2022-10-03 09:39:47]--[/root/projects/CoroutineDFS/sylar/module/upload_servlet.cc:352]--recv_save_file 352, p6:--

[2022-10-03 09:39:47]--[/root/projects/CoroutineDFS/sylar/module/upload_servlet.cc:355]--recv_save_file 355, buf_end-p6:0 p6:
[2022-10-03 09:39:47]--[/root/projects/CoroutineDFS/sylar/module/upload_servlet.cc:356]--file size[328240]
[2022-10-03 09:39:47]--[/root/projects/CoroutineDFS/sylar/module/upload_servlet.cc:370]--start open 2022.9.8实习&校招网申列表.xlsx
[2022-10-03 09:39:47]--[/root/projects/CoroutineDFS/sylar/module/upload_servlet.cc:379]--write 2022.9.8实习&校招网申列表.xlsx len 328240
[2022-10-03 09:39:47]--[/root/projects/CoroutineDFS/sylar/module/upload_servlet.cc:72]--888888成功上传[2022.9.8实习&校招网申列表.xlsx, 大小：328240, md5码：51fb068ab44541558b9376d85e26b325]到本地
[2022-10-03 09:39:47]--[/root/projects/CoroutineDFS/sylar/module/upload_servlet.cc:715]--fdfs_upload_file /etc/fdfs/client.conf 2022.9.8实习&校招网申列表.xlsx
[2022-10-03 09:39:48]--[/root/projects/CoroutineDFS/sylar/module/upload_servlet.cc:743]--get [group1/M00/00/00/J2XNOmM6PWSABXE9AAUCMOlTo3Y94.xlsx] success!
[2022-10-03 09:39:48]--[/root/projects/CoroutineDFS/sylar/module/upload_servlet.cc:846]--file url is: http://39.101.205.58:80/group1/M00/00/00/J2XNOmM6PWSABXE9AAUCMOlTo3Y94.xlsx
[2022-10-03 09:39:50]--[/root/projects/CoroutineDFS/sylar/module/upload_servlet.cc:897]--insert into file_info (md5, file_id, url, size, type, count) values ('51fb068ab44541558b9376d85e26b325', 'group1/M00/00/00/J2XNOmM6PWSABXE9AAUCMOlTo3Y94.xlsx', 'http://39.101.205.58:80/group1/M00/00/00/J2XNOmM6PWSABXE9AAUCMOlTo3Y94.xlsx', '328240', 'xlsx', 1) 文件信息插入成功
[2022-10-03 09:42:10]--[/root/projects/CoroutineDFS/sylar/module/upload_servlet.cc:63]--开始上传[, 大小：370015]到本地
[2022-10-03 09:42:14]--[/root/projects/CoroutineDFS/sylar/module/upload_servlet.cc:234]--boundary: [-----------------------------326340883736475454854200464289]
[2022-10-03 09:46:07]--[/root/projects/CoroutineDFS/sylar/module/upload_servlet.cc:63]--开始上传[, 大小：223389]到本地
[2022-10-03 09:46:07]--[/root/projects/CoroutineDFS/sylar/module/upload_servlet.cc:234]--boundary: [-----------------------------153761123510444605182127281810]
[2022-10-03 09:46:07]--[/root/projects/CoroutineDFS/sylar/module/upload_servlet.cc:267]--file_end:0x7fffe00758b9, p:-----------------------------153761123510444605182127281810
Content-Disposition: form-data; name="user"

888888
-----------------------------153761123510444605182127281810
Content-Disposition: form-data; name="md5"

ddd6663c12e861b5af9230091e3852fc
-----------------------------153761123510444605182127281810
Content-Disposition: form-data; name="size"

222705
-----------------------------153761123510444605182127281810--

[2022-10-03 09:46:07]--[/root/projects/CoroutineDFS/sylar/module/upload_servlet.cc:272]--2 ->25 50 44 46 2d 31 2e 37 0d 0a 25 ffffffb5 ffffffb5
[2022-10-03 09:46:07]--[/root/projects/CoroutineDFS/sylar/module/upload_servlet.cc:273]--file_end - file_start:222707
[2022-10-03 09:46:07]--[/root/projects/CoroutineDFS/sylar/module/upload_servlet.cc:281]--recv_save_file 281
[2022-10-03 09:46:07]--[/root/projects/CoroutineDFS/sylar/module/upload_servlet.cc:285]--filename[94]: [Lingbing Xia - Software Development engineer - Harbin University of Science and Technology.pdf]
[2022-10-03 09:46:07]--[/root/projects/CoroutineDFS/sylar/module/upload_servlet.cc:288]--recv_save_file 288, file_end:10
Content-Disposition: form-data; name="user"

888888
-----------------------------153761123510444605182127281810
Content-Disposition: form-data; name="md5"

ddd6663c12e861b5af9230091e3852fc
-----------------------------153761123510444605182127281810
Content-Disposition: form-data; name="size"

222705
-----------------------------153761123510444605182127281810--

[2022-10-03 09:46:07]--[/root/projects/CoroutineDFS/sylar/module/upload_servlet.cc:290]--recv_save_file 290, p3:name="user"

888888
-----------------------------153761123510444605182127281810
Content-Disposition: form-data; name="md5"

ddd6663c12e861b5af9230091e3852fc
-----------------------------153761123510444605182127281810
Content-Disposition: form-data; name="size"

222705
-----------------------------153761123510444605182127281810--

[2022-10-03 09:46:07]--[/root/projects/CoroutineDFS/sylar/module/upload_servlet.cc:292]--recv_save_file 292, p3:

888888
-----------------------------153761123510444605182127281810
Content-Disposition: form-data; name="md5"

ddd6663c12e861b5af9230091e3852fc
-----------------------------153761123510444605182127281810
Content-Disposition: form-data; name="size"

222705
-----------------------------153761123510444605182127281810--

[2022-10-03 09:46:07]--[/root/projects/CoroutineDFS/sylar/module/upload_servlet.cc:302]--user[6]: [888888]
[2022-10-03 09:46:07]--[/root/projects/CoroutineDFS/sylar/module/upload_servlet.cc:307]--recv_save_file 307
[2022-10-03 09:46:07]--[/root/projects/CoroutineDFS/sylar/module/upload_servlet.cc:312]--md5[32]: [ddd6663c12e861b5af9230091e3852fc]
[2022-10-03 09:46:07]--[/root/projects/CoroutineDFS/sylar/module/upload_servlet.cc:313]--recv_save_file 313, p5:
-----------------------------153761123510444605182127281810
Content-Disposition: form-data; name="size"

222705
-----------------------------153761123510444605182127281810--

[2022-10-03 09:46:07]--[/root/projects/CoroutineDFS/sylar/module/upload_servlet.cc:330]--recv_save_file 330
[2022-10-03 09:46:07]--[/root/projects/CoroutineDFS/sylar/module/upload_servlet.cc:335]--size[6]: [222705]
[2022-10-03 09:46:07]--[/root/projects/CoroutineDFS/sylar/module/upload_servlet.cc:350]--recv_save_file 350, p6:-----------------------------153761123510444605182127281810--

[2022-10-03 09:46:07]--[/root/projects/CoroutineDFS/sylar/module/upload_servlet.cc:352]--recv_save_file 352, p6:--

[2022-10-03 09:46:07]--[/root/projects/CoroutineDFS/sylar/module/upload_servlet.cc:355]--recv_save_file 355, buf_end-p6:0 p6:
[2022-10-03 09:46:07]--[/root/projects/CoroutineDFS/sylar/module/upload_servlet.cc:356]--file size[222705]
[2022-10-03 09:46:07]--[/root/projects/CoroutineDFS/sylar/module/upload_servlet.cc:370]--start open Lingbing Xia - Software Development engineer - Harbin University of Science and Technology.pdf
[2022-10-03 09:46:07]--[/root/projects/CoroutineDFS/sylar/module/upload_servlet.cc:379]--write Lingbing Xia - Software Development engineer - Harbin University of Science and Technology.pdf len 222705
[2022-10-03 09:46:07]--[/root/projects/CoroutineDFS/sylar/module/upload_servlet.cc:72]--888888成功上传[Lingbing Xia - Software Development engineer - Harbin University of Science and Technology.pdf, 大小：222705, md5码：ddd6663c12e861b5af9230091e3852fc]到本地
[2022-10-03 09:46:07]--[/root/projects/CoroutineDFS/sylar/module/upload_servlet.cc:715]--fdfs_upload_file /etc/fdfs/client.conf Lingbing Xia - Software Development engineer - Harbin University of Science and Technology.pdf
[2022-10-03 09:46:07]--[/root/projects/CoroutineDFS/sylar/module/upload_servlet.cc:743]--get [group1/M00/00/00/J2XNOmM6Pt-AeA1EAANl8abEsec694.pdf] success!
[2022-10-03 09:46:07]--[/root/projects/CoroutineDFS/sylar/module/upload_servlet.cc:846]--file url is: http://39.101.205.58:80/group1/M00/00/00/J2XNOmM6Pt-AeA1EAANl8abEsec694.pdf
[2022-10-03 09:46:08]--[/root/projects/CoroutineDFS/sylar/module/upload_servlet.cc:897]--insert into file_info (md5, file_id, url, size, type, count) values ('ddd6663c12e861b5af9230091e3852fc', 'group1/M00/00/00/J2XNOmM6Pt-AeA1EAANl8abEsec694.pdf', 'http://39.101.205.58:80/group1/M00/00/00/J2XNOmM6Pt-AeA1EAANl8abEsec694.pdf', '222705', 'pdf', 1) 文件信息插入成功
[2022-10-03 09:46:22]--[/root/projects/CoroutineDFS/sylar/module/upload_servlet.cc:63]--开始上传[, 大小：89774]到本地
[2022-10-03 09:46:22]--[/root/projects/CoroutineDFS/sylar/module/upload_servlet.cc:234]--boundary: [-----------------------------407176931834212489721983843531]
[2022-10-03 09:46:22]--[/root/projects/CoroutineDFS/sylar/module/upload_servlet.cc:267]--file_end:0x7fffe006fcbb, p:-----------------------------407176931834212489721983843531
Content-Disposition: form-data; name="user"

888888
-----------------------------407176931834212489721983843531
Content-Disposition: form-data; name="md5"

6599ad34dd0daa2b69229465ac7bd2bf
-----------------------------407176931834212489721983843531
Content-Disposition: form-data; name="size"

89088
-----------------------------407176931834212489721983843531--

[2022-10-03 09:46:22]--[/root/projects/CoroutineDFS/sylar/module/upload_servlet.cc:272]--2 ->50 4b 03 04 0a 00 00 00 00 00 ffffff87 4e ffffffe2
[2022-10-03 09:46:22]--[/root/projects/CoroutineDFS/sylar/module/upload_servlet.cc:273]--file_end - file_start:89090
[2022-10-03 09:46:22]--[/root/projects/CoroutineDFS/sylar/module/upload_servlet.cc:281]--recv_save_file 281
[2022-10-03 09:46:22]--[/root/projects/CoroutineDFS/sylar/module/upload_servlet.cc:285]--filename[47]: [2022.7.5实习&校招提前批网申列表.xlsx]
[2022-10-03 09:46:22]--[/root/projects/CoroutineDFS/sylar/module/upload_servlet.cc:288]--recv_save_file 288, file_end:31
Content-Disposition: form-data; name="user"

888888
-----------------------------407176931834212489721983843531
Content-Disposition: form-data; name="md5"

6599ad34dd0daa2b69229465ac7bd2bf
-----------------------------407176931834212489721983843531
Content-Disposition: form-data; name="size"

89088
-----------------------------407176931834212489721983843531--

[2022-10-03 09:46:22]--[/root/projects/CoroutineDFS/sylar/module/upload_servlet.cc:290]--recv_save_file 290, p3:name="user"

888888
-----------------------------407176931834212489721983843531
Content-Disposition: form-data; name="md5"

6599ad34dd0daa2b69229465ac7bd2bf
-----------------------------407176931834212489721983843531
Content-Disposition: form-data; name="size"

89088
-----------------------------407176931834212489721983843531--

[2022-10-03 09:46:22]--[/root/projects/CoroutineDFS/sylar/module/upload_servlet.cc:292]--recv_save_file 292, p3:

888888
-----------------------------407176931834212489721983843531
Content-Disposition: form-data; name="md5"

6599ad34dd0daa2b69229465ac7bd2bf
-----------------------------407176931834212489721983843531
Content-Disposition: form-data; name="size"

89088
-----------------------------407176931834212489721983843531--

[2022-10-03 09:46:22]--[/root/projects/CoroutineDFS/sylar/module/upload_servlet.cc:302]--user[6]: [888888]
[2022-10-03 09:46:22]--[/root/projects/CoroutineDFS/sylar/module/upload_servlet.cc:307]--recv_save_file 307
[2022-10-03 09:46:22]--[/root/projects/CoroutineDFS/sylar/module/upload_servlet.cc:312]--md5[32]: [6599ad34dd0daa2b69229465ac7bd2bf]
[2022-10-03 09:46:22]--[/root/projects/CoroutineDFS/sylar/module/upload_servlet.cc:313]--recv_save_file 313, p5:
-----------------------------407176931834212489721983843531
Content-Disposition: form-data; name="size"

89088
-----------------------------407176931834212489721983843531--

[2022-10-03 09:46:22]--[/root/projects/CoroutineDFS/sylar/module/upload_servlet.cc:330]--recv_save_file 330
[2022-10-03 09:46:22]--[/root/projects/CoroutineDFS/sylar/module/upload_servlet.cc:335]--size[5]: [89088]
[2022-10-03 09:46:22]--[/root/projects/CoroutineDFS/sylar/module/upload_servlet.cc:350]--recv_save_file 350, p6:-----------------------------407176931834212489721983843531--

[2022-10-03 09:46:22]--[/root/projects/CoroutineDFS/sylar/module/upload_servlet.cc:352]--recv_save_file 352, p6:--

[2022-10-03 09:46:22]--[/root/projects/CoroutineDFS/sylar/module/upload_servlet.cc:355]--recv_save_file 355, buf_end-p6:0 p6:
[2022-10-03 09:46:22]--[/root/projects/CoroutineDFS/sylar/module/upload_servlet.cc:356]--file size[89088]
[2022-10-03 09:46:22]--[/root/projects/CoroutineDFS/sylar/module/upload_servlet.cc:370]--start open 2022.7.5实习&校招提前批网申列表.xlsx
[2022-10-03 09:46:22]--[/root/projects/CoroutineDFS/sylar/module/upload_servlet.cc:379]--write 2022.7.5实习&校招提前批网申列表.xlsx len 89088
[2022-10-03 09:46:22]--[/root/projects/CoroutineDFS/sylar/module/upload_servlet.cc:72]--888888成功上传[2022.7.5实习&校招提前批网申列表.xlsx, 大小：89088, md5码：6599ad34dd0daa2b69229465ac7bd2bf]到本地
[2022-10-03 09:46:22]--[/root/projects/CoroutineDFS/sylar/module/upload_servlet.cc:715]--fdfs_upload_file /etc/fdfs/client.conf 2022.7.5实习&校招提前批网申列表.xlsx
[2022-10-03 09:46:22]--[/root/projects/CoroutineDFS/sylar/module/upload_servlet.cc:743]--get [group1/M00/00/00/J2XNOmM6Pu6AdLTCAAFcAPZotdI31.xlsx] success!
[2022-10-03 09:46:22]--[/root/projects/CoroutineDFS/sylar/module/upload_servlet.cc:846]--file url is: http://39.101.205.58:80/group1/M00/00/00/J2XNOmM6Pu6AdLTCAAFcAPZotdI31.xlsx
[2022-10-03 09:46:22]--[/root/projects/CoroutineDFS/sylar/module/upload_servlet.cc:897]--insert into file_info (md5, file_id, url, size, type, count) values ('6599ad34dd0daa2b69229465ac7bd2bf', 'group1/M00/00/00/J2XNOmM6Pu6AdLTCAAFcAPZotdI31.xlsx', 'http://39.101.205.58:80/group1/M00/00/00/J2XNOmM6Pu6AdLTCAAFcAPZotdI31.xlsx', '89088', 'xlsx', 1) 文件信息插入成功
[2022-10-03 12:13:38]--[/root/projects/CoroutineDFS/sylar/module/upload_servlet.cc:63]--开始上传[, 大小：238356]到本地
[2022-10-03 12:13:38]--[/root/projects/CoroutineDFS/sylar/module/upload_servlet.cc:234]--boundary: [-----------------------------85890778515074856511966917594]
[2022-10-03 12:13:38]--[/root/projects/CoroutineDFS/sylar/module/upload_servlet.cc:267]--file_end:0x7fffe0099a04, p:-----------------------------85890778515074856511966917594
Content-Disposition: form-data; name="user"

888888
-----------------------------85890778515074856511966917594
Content-Disposition: form-data; name="md5"

913bf7dfd276d4ba844993a0b3f2fa56
-----------------------------85890778515074856511966917594
Content-Disposition: form-data; name="size"

237724
-----------------------------85890778515074856511966917594--

[2022-10-03 12:13:38]--[/root/projects/CoroutineDFS/sylar/module/upload_servlet.cc:272]--2 ->25 50 44 46 2d 31 2e 34 0a 25 ffffffe2 ffffffe3 ffffffcf
[2022-10-03 12:13:38]--[/root/projects/CoroutineDFS/sylar/module/upload_servlet.cc:273]--file_end - file_start:237726
[2022-10-03 12:13:38]--[/root/projects/CoroutineDFS/sylar/module/upload_servlet.cc:281]--recv_save_file 281
[2022-10-03 12:13:38]--[/root/projects/CoroutineDFS/sylar/module/upload_servlet.cc:285]--filename[47]: [教育部学籍在线验证报告_夏领兵.pdf]
[2022-10-03 12:13:38]--[/root/projects/CoroutineDFS/sylar/module/upload_servlet.cc:288]--recv_save_file 288, file_end:94
Content-Disposition: form-data; name="user"

888888
-----------------------------85890778515074856511966917594
Content-Disposition: form-data; name="md5"

913bf7dfd276d4ba844993a0b3f2fa56
-----------------------------85890778515074856511966917594
Content-Disposition: form-data; name="size"

237724
-----------------------------85890778515074856511966917594--

[2022-10-03 12:13:38]--[/root/projects/CoroutineDFS/sylar/module/upload_servlet.cc:290]--recv_save_file 290, p3:name="user"

888888
-----------------------------85890778515074856511966917594
Content-Disposition: form-data; name="md5"

913bf7dfd276d4ba844993a0b3f2fa56
-----------------------------85890778515074856511966917594
Content-Disposition: form-data; name="size"

237724
-----------------------------85890778515074856511966917594--

[2022-10-03 12:13:38]--[/root/projects/CoroutineDFS/sylar/module/upload_servlet.cc:292]--recv_save_file 292, p3:

888888
-----------------------------85890778515074856511966917594
Content-Disposition: form-data; name="md5"

913bf7dfd276d4ba844993a0b3f2fa56
-----------------------------85890778515074856511966917594
Content-Disposition: form-data; name="size"

237724
-----------------------------85890778515074856511966917594--

[2022-10-03 12:13:38]--[/root/projects/CoroutineDFS/sylar/module/upload_servlet.cc:302]--user[6]: [888888]
[2022-10-03 12:13:38]--[/root/projects/CoroutineDFS/sylar/module/upload_servlet.cc:307]--recv_save_file 307
[2022-10-03 12:13:38]--[/root/projects/CoroutineDFS/sylar/module/upload_servlet.cc:312]--md5[32]: [913bf7dfd276d4ba844993a0b3f2fa56]
[2022-10-03 12:13:38]--[/root/projects/CoroutineDFS/sylar/module/upload_servlet.cc:313]--recv_save_file 313, p5:
-----------------------------85890778515074856511966917594
Content-Disposition: form-data; name="size"

237724
-----------------------------85890778515074856511966917594--

[2022-10-03 12:13:38]--[/root/projects/CoroutineDFS/sylar/module/upload_servlet.cc:330]--recv_save_file 330
[2022-10-03 12:13:38]--[/root/projects/CoroutineDFS/sylar/module/upload_servlet.cc:335]--size[6]: [237724]
[2022-10-03 12:13:38]--[/root/projects/CoroutineDFS/sylar/module/upload_servlet.cc:350]--recv_save_file 350, p6:-----------------------------85890778515074856511966917594--

[2022-10-03 12:13:38]--[/root/projects/CoroutineDFS/sylar/module/upload_servlet.cc:352]--recv_save_file 352, p6:--

[2022-10-03 12:13:38]--[/root/projects/CoroutineDFS/sylar/module/upload_servlet.cc:355]--recv_save_file 355, buf_end-p6:0 p6:
[2022-10-03 12:13:38]--[/root/projects/CoroutineDFS/sylar/module/upload_servlet.cc:356]--file size[237724]
[2022-10-03 12:13:38]--[/root/projects/CoroutineDFS/sylar/module/upload_servlet.cc:370]--start open 教育部学籍在线验证报告_夏领兵.pdf
[2022-10-03 12:13:38]--[/root/projects/CoroutineDFS/sylar/module/upload_servlet.cc:379]--write 教育部学籍在线验证报告_夏领兵.pdf len 237724
[2022-10-03 12:13:38]--[/root/projects/CoroutineDFS/sylar/module/upload_servlet.cc:72]--888888成功上传[教育部学籍在线验证报告_夏领兵.pdf, 大小：237724, md5码：913bf7dfd276d4ba844993a0b3f2fa56]到本地
[2022-10-03 12:13:38]--[/root/projects/CoroutineDFS/sylar/module/upload_servlet.cc:715]--fdfs_upload_file /etc/fdfs/client.conf 教育部学籍在线验证报告_夏领兵.pdf
[2022-10-03 12:13:39]--[/root/projects/CoroutineDFS/sylar/module/upload_servlet.cc:743]--get [group1/M00/00/00/J2XNOmM6YXOAeUyYAAOgnIV1tns876.pdf] success!
[2022-10-03 12:13:39]--[/root/projects/CoroutineDFS/sylar/module/upload_servlet.cc:846]--file url is: http://39.101.205.58:80/group1/M00/00/00/J2XNOmM6YXOAeUyYAAOgnIV1tns876.pdf
[2022-10-03 12:13:44]--[/root/projects/CoroutineDFS/sylar/module/upload_servlet.cc:897]--insert into file_info (md5, file_id, url, size, type, count) values ('913bf7dfd276d4ba844993a0b3f2fa56', 'group1/M00/00/00/J2XNOmM6YXOAeUyYAAOgnIV1tns876.pdf', 'http://39.101.205.58:80/group1/M00/00/00/J2XNOmM6YXOAeUyYAAOgnIV1tns876.pdf', '237724', 'pdf', 1) 文件信息插入成功
